[    0.000000] Linux version 4.15.0-176-generic (buildd@lcy02-amd64-020) (gcc version 7.5.0 (Ubuntu 7.5.0-3ubuntu1~18.04)) #185-Ubuntu SMP Tue Mar 29 17:40:04 UTC 2022 (Ubuntu 4.15.0-176.185-generic 4.15.18)
[    0.000000] Command line: BOOT_IMAGE=/boot/vmlinuz-4.15.0-176-generic root=LABEL=cloudimg-rootfs ro console=tty1 console=ttyS0
[    0.000000] KERNEL supported cpus:
[    0.000000]   Intel GenuineIntel
[    0.000000]   AMD AuthenticAMD
[    0.000000]   Centaur CentaurHauls
[    0.000000] [Firmware Bug]: TSC doesn't count with P0 frequency!
[    0.000000] x86/fpu: Supporting XSAVE feature 0x001: 'x87 floating point registers'
[    0.000000] x86/fpu: Supporting XSAVE feature 0x002: 'SSE registers'
[    0.000000] x86/fpu: Supporting XSAVE feature 0x004: 'AVX registers'
[    0.000000] x86/fpu: xstate_offset[2]:  576, xstate_sizes[2]:  256
[    0.000000] x86/fpu: Enabled xstate features 0x7, context size is 832 bytes, using 'standard' format.
[    0.000000] e820: BIOS-provided physical RAM map:
[    0.000000] BIOS-e820: [mem 0x0000000000000000-0x000000000009fbff] usable
[    0.000000] BIOS-e820: [mem 0x000000000009fc00-0x000000000009ffff] reserved
[    0.000000] BIOS-e820: [mem 0x00000000000f0000-0x00000000000fffff] reserved
[    0.000000] BIOS-e820: [mem 0x0000000000100000-0x0000000063feffff] usable
[    0.000000] BIOS-e820: [mem 0x0000000063ff0000-0x0000000063ffffff] ACPI data
[    0.000000] BIOS-e820: [mem 0x00000000fec00000-0x00000000fec00fff] reserved
[    0.000000] BIOS-e820: [mem 0x00000000fee00000-0x00000000fee00fff] reserved
[    0.000000] BIOS-e820: [mem 0x00000000fffc0000-0x00000000ffffffff] reserved
[    0.000000] NX (Execute Disable) protection: active
[    0.000000] SMBIOS 2.5 present.
[    0.000000] DMI: innotek GmbH VirtualBox/VirtualBox, BIOS VirtualBox 12/01/2006
[    0.000000] Hypervisor detected: KVM
[    0.000000] e820: last_pfn = 0x63ff0 max_arch_pfn = 0x400000000
[    0.000000] MTRR: Disabled
[    0.000000] x86/PAT: MTRRs disabled, skipping PAT initialization too.
[    0.000000] CPU MTRRs all blank - virtualized system.
[    0.000000] x86/PAT: Configuration [0-7]: WB  WT  UC- UC  WB  WT  UC- UC  
[    0.000000] found SMP MP-table at [mem 0x0009fff0-0x0009ffff]
[    0.000000] Scanning 1 areas for low memory corruption
[    0.000000] RAMDISK: [mem 0x35811000-0x36bfffff]
[    0.000000] ACPI: Early table checksum verification disabled
[    0.000000] ACPI: RSDP 0x00000000000E0000 000024 (v02 VBOX  )
[    0.000000] ACPI: XSDT 0x0000000063FF0030 00003C (v01 VBOX   VBOXXSDT 00000001 ASL  00000061)
[    0.000000] ACPI: FACP 0x0000000063FF00F0 0000F4 (v04 VBOX   VBOXFACP 00000001 ASL  00000061)
[    0.000000] ACPI: DSDT 0x0000000063FF0470 002325 (v02 VBOX   VBOXBIOS 00000002 INTL 20190509)
[    0.000000] ACPI: FACS 0x0000000063FF0200 000040
[    0.000000] ACPI: FACS 0x0000000063FF0200 000040
[    0.000000] ACPI: APIC 0x0000000063FF0240 00005C (v02 VBOX   VBOXAPIC 00000001 ASL  00000061)
[    0.000000] ACPI: SSDT 0x0000000063FF02A0 0001CC (v01 VBOX   VBOXCPUT 00000002 INTL 20190509)
[    0.000000] ACPI: Reserving FACP table memory at [mem 0x63ff00f0-0x63ff01e3]
[    0.000000] ACPI: Reserving DSDT table memory at [mem 0x63ff0470-0x63ff2794]
[    0.000000] ACPI: Reserving FACS table memory at [mem 0x63ff0200-0x63ff023f]
[    0.000000] ACPI: Reserving FACS table memory at [mem 0x63ff0200-0x63ff023f]
[    0.000000] ACPI: Reserving APIC table memory at [mem 0x63ff0240-0x63ff029b]
[    0.000000] ACPI: Reserving SSDT table memory at [mem 0x63ff02a0-0x63ff046b]
[    0.000000] No NUMA configuration found
[    0.000000] Faking a node at [mem 0x0000000000000000-0x0000000063feffff]
[    0.000000] NODE_DATA(0) allocated [mem 0x63fc5000-0x63feffff]
[    0.000000] kvm-clock: cpu 0, msr 0:63f44001, primary cpu clock
[    0.000000] kvm-clock: Using msrs 4b564d01 and 4b564d00
[    0.000000] kvm-clock: using sched offset of 3091438924 cycles
[    0.000000] clocksource: kvm-clock: mask: 0xffffffffffffffff max_cycles: 0x1cd42e4dffb, max_idle_ns: 881590591483 ns
[    0.000000] Zone ranges:
[    0.000000]   DMA      [mem 0x0000000000001000-0x0000000000ffffff]
[    0.000000]   DMA32    [mem 0x0000000001000000-0x0000000063feffff]
[    0.000000]   Normal   empty
[    0.000000]   Device   empty
[    0.000000] Movable zone start for each node
[    0.000000] Early memory node ranges
[    0.000000]   node   0: [mem 0x0000000000001000-0x000000000009efff]
[    0.000000]   node   0: [mem 0x0000000000100000-0x0000000063feffff]
[    0.000000] Reserved but unavailable: 104 pages
[    0.000000] Initmem setup node 0 [mem 0x0000000000001000-0x0000000063feffff]
[    0.000000] ACPI: PM-Timer IO Port: 0x4008
[    0.000000] IOAPIC[0]: apic_id 2, version 32, address 0xfec00000, GSI 0-23
[    0.000000] ACPI: INT_SRC_OVR (bus 0 bus_irq 0 global_irq 2 dfl dfl)
[    0.000000] ACPI: INT_SRC_OVR (bus 0 bus_irq 9 global_irq 9 low level)
[    0.000000] Using ACPI (MADT) for SMP configuration information
[    0.000000] smpboot: Allowing 2 CPUs, 0 hotplug CPUs
[    0.000000] PM: Registered nosave memory: [mem 0x00000000-0x00000fff]
[    0.000000] PM: Registered nosave memory: [mem 0x0009f000-0x0009ffff]
[    0.000000] PM: Registered nosave memory: [mem 0x000a0000-0x000effff]
[    0.000000] PM: Registered nosave memory: [mem 0x000f0000-0x000fffff]
[    0.000000] e820: [mem 0x64000000-0xfebfffff] available for PCI devices
[    0.000000] Booting paravirtualized kernel on KVM
[    0.000000] clocksource: refined-jiffies: mask: 0xffffffff max_cycles: 0xffffffff, max_idle_ns: 7645519600211568 ns
[    0.000000] random: get_random_bytes called from start_kernel+0x99/0x500 with crng_init=0
[    0.000000] setup_percpu: NR_CPUS:8192 nr_cpumask_bits:2 nr_cpu_ids:2 nr_node_ids:1
[    0.000000] percpu: Embedded 50 pages/cpu s167936 r8192 d28672 u1048576
[    0.000000] PV qspinlock hash table entries: 256 (order: 0, 4096 bytes)
[    0.000000] Built 1 zonelists, mobility grouping on.  Total pages: 403065
[    0.000000] Policy zone: DMA32
[    0.000000] Kernel command line: BOOT_IMAGE=/boot/vmlinuz-4.15.0-176-generic root=LABEL=cloudimg-rootfs ro console=tty1 console=ttyS0
[    0.000000] Memory: 1561348K/1637944K available (12300K kernel code, 2484K rwdata, 4324K rodata, 2468K init, 2724K bss, 76596K reserved, 0K cma-reserved)
[    0.000000] SLUB: HWalign=64, Order=0-3, MinObjects=0, CPUs=2, Nodes=1
[    0.000000] ftrace: allocating 39504 entries in 155 pages
[    0.004000] Hierarchical RCU implementation.
[    0.004000] 	RCU restricting CPUs from NR_CPUS=8192 to nr_cpu_ids=2.
[    0.004000] 	Tasks RCU enabled.
[    0.004000] RCU: Adjusting geometry for rcu_fanout_leaf=16, nr_cpu_ids=2
[    0.004000] NR_IRQS: 524544, nr_irqs: 440, preallocated irqs: 16
[    0.004000] Console: colour VGA+ 80x25
[    0.004000] console [tty1] enabled
[    0.004000] console [ttyS0] enabled
[    0.004000] ACPI: Core revision 20170831
[    0.004000] ACPI: 2 ACPI AML tables successfully acquired and loaded
[    0.004000] APIC: Switch to symmetric I/O mode setup
[    0.004000] x2apic enabled
[    0.004000] Switched APIC routing to physical x2apic.
[    0.004000] ..TIMER: vector=0x30 apic1=0 pin1=2 apic2=-1 pin2=-1
[    0.004000] tsc: Detected 2994.318 MHz processor
[    0.004000] Calibrating delay loop (skipped) preset value.. 5988.63 BogoMIPS (lpj=11977272)
[    0.004000] pid_max: default: 32768 minimum: 301
[    0.004000] Security Framework initialized
[    0.004000] Yama: becoming mindful.
[    0.004000] AppArmor: AppArmor initialized
[    0.004000] Dentry cache hash table entries: 262144 (order: 9, 2097152 bytes)
[    0.004000] Inode-cache hash table entries: 131072 (order: 8, 1048576 bytes)
[    0.004000] Mount-cache hash table entries: 4096 (order: 3, 32768 bytes)
[    0.004000] Mountpoint-cache hash table entries: 4096 (order: 3, 32768 bytes)
[    0.004000] Last level iTLB entries: 4KB 1024, 2MB 1024, 4MB 512
[    0.004000] Last level dTLB entries: 4KB 2048, 2MB 2048, 4MB 1024, 1GB 0
[    0.004000] Spectre V1 : Mitigation: usercopy/swapgs barriers and __user pointer sanitization
[    0.004000] Spectre V2 : LFENCE not serializing, switching to generic retpoline
[    0.004000] Spectre V2 : Mitigation: Retpolines
[    0.004000] Spectre V2 : Spectre v2 / SpectreRSB mitigation: Filling RSB on context switch
[    0.004000] Speculative Store Bypass: Mitigation: Speculative Store Bypass disabled via prctl and seccomp
[    0.004000] Freeing SMP alternatives memory: 36K
[    0.119562] APIC calibration not consistent with PM-Timer: 105ms instead of 100ms
[    0.120000] APIC delta adjusted to PM-Timer: 6370651 (6724179)
[    0.120044] smpboot: CPU0: AMD Ryzen 5 4600H with Radeon Graphics (family: 0x17, model: 0x60, stepping: 0x1)
[    0.120999] Performance Events: PMU not available due to virtualization, using software events only.
[    0.121942] Hierarchical SRCU implementation.
[    0.122900] NMI watchdog: Perf event create on CPU 0 failed with -2
[    0.123438] NMI watchdog: Perf NMI watchdog permanently disabled
[    0.123980] smp: Bringing up secondary CPUs ...
[    0.124068] x86: Booting SMP configuration:
[    0.124448] .... node  #0, CPUs:      #1
[    0.004000] kvm-clock: cpu 1, msr 0:63f44041, secondary cpu clock
[    0.128028] smp: Brought up 1 node, 2 CPUs
[    0.128391] smpboot: Max logical packages: 1
[    0.128765] smpboot: Total of 2 processors activated (11977.27 BogoMIPS)
[    0.129541] devtmpfs: initialized
[    0.129541] x86/mm: Memory block size: 128MB
[    0.129541] evm: security.selinux
[    0.129541] evm: security.SMACK64
[    0.129585] evm: security.SMACK64EXEC
[    0.129912] evm: security.SMACK64TRANSMUTE
[    0.130282] evm: security.SMACK64MMAP
[    0.130613] evm: security.apparmor
[    0.130931] evm: security.ima
[    0.131220] evm: security.capability
[    0.132075] clocksource: jiffies: mask: 0xffffffff max_cycles: 0xffffffff, max_idle_ns: 7645041785100000 ns
[    0.133631] futex hash table entries: 512 (order: 3, 32768 bytes)
[    0.136101] pinctrl core: initialized pinctrl subsystem
[    0.137269] RTC time: 13:49:38, date: 05/04/22
[    0.138380] NET: Registered protocol family 16
[    0.139297] audit: initializing netlink subsys (disabled)
[    0.140045] audit: type=2000 audit(1651672182.594:1): state=initialized audit_enabled=0 res=1
[    0.141448] cpuidle: using governor ladder
[    0.141448] cpuidle: using governor menu
[    0.144066] ACPI: bus type PCI registered
[    0.144428] acpiphp: ACPI Hot Plug PCI Controller Driver version: 0.5
[    0.145044] PCI: Using configuration type 1 for base access
[    0.145534] PCI: Using configuration type 1 for extended access
[    0.146090] HugeTLB registered 2.00 MiB page size, pre-allocated 0 pages
[    0.148975] ACPI: Added _OSI(Module Device)
[    0.148975] ACPI: Added _OSI(Processor Device)
[    0.149757] ACPI: Added _OSI(3.0 _SCP Extensions)
[    0.152019] ACPI: Added _OSI(Processor Aggregator Device)
[    0.153026] ACPI: Added _OSI(Linux-Dell-Video)
[    0.153691] ACPI: Added _OSI(Linux-Lenovo-NV-HDMI-Audio)
[    0.154345] ACPI: Added _OSI(Linux-HPI-Hybrid-Graphics)
[    0.155124] ACPI: Executed 1 blocks of module-level executable AML code
[    0.158530] ACPI: Interpreter enabled
[    0.159142] ACPI: (supports S0 S5)
[    0.159597] ACPI: Using IOAPIC for interrupt routing
[    0.160196] PCI: Using host bridge windows from ACPI; if necessary, use "pci=nocrs" and report a bug
[    0.161756] ACPI: Enabled 2 GPEs in block 00 to 07
[    0.166662] ACPI: PCI Root Bridge [PCI0] (domain 0000 [bus 00-ff])
[    0.167517] acpi PNP0A03:00: _OSC: OS supports [ExtendedConfig ASPM ClockPM Segments MSI]
[    0.168731] acpi PNP0A03:00: _OSC: platform does not support [PCIeCapability]
[    0.169894] acpi PNP0A03:00: _OSC: not requesting control; platform does not support [PCIeCapability]
[    0.171358] acpi PNP0A03:00: _OSC: OS requested [PCIeHotplug PME AER PCIeCapability]
[    0.172005] acpi PNP0A03:00: _OSC: platform willing to grant [PCIeHotplug PME AER]
[    0.172958] acpi PNP0A03:00: _OSC failed (AE_SUPPORT); disabling ASPM
[    0.173923] PCI host bridge to bus 0000:00
[    0.174373] pci_bus 0000:00: root bus resource [io  0x0000-0x0cf7 window]
[    0.176004] pci_bus 0000:00: root bus resource [io  0x0d00-0xffff window]
[    0.176899] pci_bus 0000:00: root bus resource [mem 0x000a0000-0x000bffff window]
[    0.177780] pci_bus 0000:00: root bus resource [mem 0x64000000-0xfdffffff window]
[    0.178659] pci_bus 0000:00: root bus resource [bus 00-ff]
[    0.180093] pci 0000:00:01.1: legacy IDE quirk: reg 0x10: [io  0x01f0-0x01f7]
[    0.180805] pci 0000:00:01.1: legacy IDE quirk: reg 0x14: [io  0x03f6]
[    0.181378] pci 0000:00:01.1: legacy IDE quirk: reg 0x18: [io  0x0170-0x0177]
[    0.181957] pci 0000:00:01.1: legacy IDE quirk: reg 0x1c: [io  0x0376]
[    0.205264] pci 0000:00:07.0: quirk: [io  0x4000-0x403f] claimed by PIIX4 ACPI
[    0.206847] pci 0000:00:07.0: quirk: [io  0x4100-0x410f] claimed by PIIX4 SMB
[    0.234459] ACPI: PCI Interrupt Link [LNKA] (IRQs 5 9 10 *11)
[    0.236490] ACPI: PCI Interrupt Link [LNKB] (IRQs 5 9 *10 11)
[    0.237926] ACPI: PCI Interrupt Link [LNKC] (IRQs 5 *9 10 11)
[    0.239117] ACPI: PCI Interrupt Link [LNKD] (IRQs 5 9 10 *11)
[    0.240603] SCSI subsystem initialized
[    0.241738] pci 0000:00:02.0: vgaarb: setting as boot VGA device
[    0.241738] pci 0000:00:02.0: vgaarb: VGA device added: decodes=io+mem,owns=io+mem,locks=none
[    0.244018] pci 0000:00:02.0: vgaarb: bridge control possible
[    0.244742] vgaarb: loaded
[    0.245131] ACPI: bus type USB registered
[    0.245777] usbcore: registered new interface driver usbfs
[    0.246456] usbcore: registered new interface driver hub
[    0.248013] usbcore: registered new device driver usb
[    0.248693] EDAC MC: Ver: 3.0.0
[    0.249343] PCI: Using ACPI for IRQ routing
[    0.252208] NetLabel: Initializing
[    0.252713] NetLabel:  domain hash size = 128
[    0.253259] NetLabel:  protocols = UNLABELED CIPSOv4 CALIPSO
[    0.254017] NetLabel:  unlabeled traffic allowed by default
[    0.254710] clocksource: Switched to clocksource kvm-clock
[    0.259426] VFS: Disk quotas dquot_6.6.0
[    0.259426] VFS: Dquot-cache hash table entries: 512 (order 0, 4096 bytes)
[    0.259426] AppArmor: AppArmor Filesystem Enabled
[    0.259426] pnp: PnP ACPI init
[    0.259426] pnp: PnP ACPI: found 3 devices
[    0.275603] clocksource: acpi_pm: mask: 0xffffff max_cycles: 0xffffff, max_idle_ns: 2085701024 ns
[    0.276049] NET: Registered protocol family 2
[    0.276049] IP idents hash table entries: 32768 (order: 6, 262144 bytes)
[    0.279404] TCP established hash table entries: 16384 (order: 5, 131072 bytes)
[    0.281329] TCP bind hash table entries: 16384 (order: 6, 262144 bytes)
[    0.283765] TCP: Hash tables configured (established 16384 bind 16384)
[    0.285228] UDP hash table entries: 1024 (order: 3, 32768 bytes)
[    0.285247] UDP-Lite hash table entries: 1024 (order: 3, 32768 bytes)
[    0.285247] NET: Registered protocol family 1
[    0.285247] pci 0000:00:00.0: Limiting direct PCI/PCI transfers
[    0.285247] pci 0000:00:01.0: Activating ISA DMA hang workarounds
[    0.285247] pci 0000:00:02.0: Video device with shadowed ROM at [mem 0x000c0000-0x000dffff]
[    0.285247] Unpacking initramfs...
[    0.285247] Freeing initrd memory: 20412K
[    0.285247] clocksource: tsc: mask: 0xffffffffffffffff max_cycles: 0x2b294e3c577, max_idle_ns: 440795340690 ns
[    0.285247] platform rtc_cmos: registered platform RTC device (no PNP device found)
[    0.285247] Scanning for low memory corruption every 60 seconds
[    0.544223] Initialise system trusted keyrings
[    0.544705] Key type blacklist registered
[    0.545206] workingset: timestamp_bits=36 max_order=19 bucket_order=0
[    0.548254] zbud: loaded
[    0.549423] squashfs: version 4.0 (2009/01/31) Phillip Lougher
[    0.550373] fuse init (API version 7.26)
[    0.554428] Key type asymmetric registered
[    0.554867] Asymmetric key parser 'x509' registered
[    0.555338] Block layer SCSI generic (bsg) driver version 0.4 loaded (major 246)
[    0.556074] io scheduler noop registered
[    0.556465] io scheduler deadline registered
[    0.556892] io scheduler cfq registered (default)
[    0.557535] ACPI: AC Adapter [AC] (on-line)
[    0.557976] input: Power Button as /devices/LNXSYSTM:00/LNXPWRBN:00/input/input0
[    0.558820] ACPI: Power Button [PWRF]
[    0.559330] input: Sleep Button as /devices/LNXSYSTM:00/LNXSLPBN:00/input/input1
[    0.560044] ACPI: Sleep Button [SLPF]
[    0.561086] ACPI: Battery Slot [BAT0] (battery present)
[    0.561741] Serial: 8250/16550 driver, 32 ports, IRQ sharing enabled
[    0.584051] 00:02: ttyS0 at I/O 0x3f8 (irq = 4, base_baud = 115200) is a 16550A
[    0.586869] Linux agpgart interface v0.103
[    0.588682] loop: module loaded
[    0.589923] scsi host0: ata_piix
[    0.590429] scsi host1: ata_piix
[    0.591120] ata1: PATA max UDMA/33 cmd 0x1f0 ctl 0x3f6 bmdma 0xd000 irq 14
[    0.592356] ata2: PATA max UDMA/33 cmd 0x170 ctl 0x376 bmdma 0xd008 irq 15
[    0.593831] tun: Universal TUN/TAP device driver, 1.6
[    0.594897] PPP generic driver version 2.4.2
[    0.595650] ehci_hcd: USB 2.0 'Enhanced' Host Controller (EHCI) Driver
[    0.596182] ehci-pci: EHCI PCI platform driver
[    0.596566] ehci-platform: EHCI generic platform driver
[    0.597033] ohci_hcd: USB 1.1 'Open' Host Controller (OHCI) Driver
[    0.597511] ohci-pci: OHCI PCI platform driver
[    0.597959] ohci-platform: OHCI generic platform driver
[    0.598464] uhci_hcd: USB Universal Host Controller Interface driver
[    0.599111] i8042: PNP: PS/2 Controller [PNP0303:PS2K,PNP0f03:PS2M] at 0x60,0x64 irq 1,12
[    0.600237] serio: i8042 KBD port at 0x60,0x64 irq 1
[    0.600760] serio: i8042 AUX port at 0x60,0x64 irq 12
[    0.601475] mousedev: PS/2 mouse device common for all mice
[    0.602405] rtc_cmos rtc_cmos: rtc core: registered rtc_cmos as rtc0
[    0.603116] input: AT Translated Set 2 keyboard as /devices/platform/i8042/serio0/input/input2
[    0.603971] rtc_cmos rtc_cmos: alarms up to one day, 114 bytes nvram
[    0.604683] i2c /dev entries driver
[    0.605177] device-mapper: uevent: version 1.0.3
[    0.605701] device-mapper: ioctl: 4.37.0-ioctl (2017-09-20) initialised: dm-devel@redhat.com
[    0.606502] ledtrig-cpu: registered to indicate activity on CPUs
[    0.607540] NET: Registered protocol family 10
[    0.612027] Segment Routing with IPv6
[    0.612482] NET: Registered protocol family 17
[    0.613139] Key type dns_resolver registered
[    0.614128] mce: Using 0 MCE banks
[    0.614503] RAS: Correctable Errors collector initialized.
[    0.615146] sched_clock: Marking stable (614103474, 0)->(725861722, -111758248)
[    0.616229] registered taskstats version 1
[    0.616643] Loading compiled-in X.509 certificates
[    0.619949] Loaded X.509 cert 'Build time autogenerated kernel key: cf84eab1a20f3cf5ac3912166f3a35d35ba78c0c'
[    0.622994] Loaded X.509 cert 'Canonical Ltd. Live Patch Signing: 14df34d1a87cf37625abec039ef2bf521249b969'
[    0.625844] Loaded X.509 cert 'Canonical Ltd. Kernel Module Signing: 88f752e560a1e0737e31163a466ad7b70a850c19'
[    0.627013] blacklist: Loading compiled-in revocation X.509 certificates
[    0.627684] Loaded X.509 cert 'Canonical Ltd. Secure Boot Signing: 61482aa2830d0ab2ad5af10b7250da9033ddcef0'
[    0.628590] zswap: loaded using pool lzo/zbud
[    0.631878] Key type big_key registered
[    0.632313] Key type trusted registered
[    0.635143] Key type encrypted registered
[    0.636297] AppArmor: AppArmor sha1 policy hashing enabled
[    0.637330] ima: No TPM chip found, activating TPM-bypass! (rc=-19)
[    0.638874] ima: Allocated hash algorithm: sha1
[    0.640166] evm: HMAC attrs: 0x1
[    0.641323]   Magic number: 6:459:836
[    0.641906] rtc_cmos rtc_cmos: setting system clock to 2022-05-04 13:49:38 UTC (1651672178)
[    0.642820] BIOS EDD facility v0.16 2004-Jun-25, 0 devices found
[    0.643347] EDD information not available.
[    0.778831] Freeing unused kernel image memory: 2468K
[    1.306948] Write protecting the kernel read-only data: 20480k
[    1.310239] Freeing unused kernel image memory: 2008K
[    1.312026] Freeing unused kernel image memory: 1820K
[    1.326266] x86/mm: Checked W+X mappings: passed, no W+X pages found.
Loading, please wait...
starting version 237
[    1.382558] vboxvideo: loading out-of-tree module taints kernel.
[    1.383249] vboxvideo: module verification failed: signature and/or required key missing - tainting kernel
[    1.383303] e1000: Intel(R) PRO/1000 Network Driver - version 7.3.21-k8-NAPI
[    1.384839] e1000: Copyright (c) 1999-2006 Intel Corporation.
[    1.384883] vboxvideo: loading version 6.1.32 r149290
[    1.390832] Fusion MPT base driver 3.04.20
[    1.391512] Copyright (c) 1999-2008 LSI Corporation
[    1.401593] Fusion MPT SPI Host driver 3.04.20
[    1.405709] AVX2 version of gcm_enc/dec engaged.
[    1.406239] AES CTR mode by8 optimization enabled
[    1.600442] input: ImExPS/2 Generic Explorer Mouse as /devices/platform/i8042/serio1/input/input4
[    1.718511] e1000 0000:00:03.0 eth0: (PCI:33MHz:32-bit) 02:1c:11:cc:2f:ec
[    1.719761] e1000 0000:00:03.0 eth0: Intel(R) PRO/1000 Network Connection
[    1.721995] [drm] VRAM 01000000
[    1.722550] [TTM] Zone  kernel: Available graphics memory: 794046 kiB
[    1.723234] [TTM] Initializing pool allocator
[    1.723611] [TTM] Initializing DMA pool allocator
[    1.725438] fbcon: vboxdrmfb (fb0) is primary device
[    1.726618] Console: switching to colour frame buffer device 100x37
[    1.727922] vboxvideo 0000:00:02.0: fb0: vboxdrmfb frame buffer device
[    1.752196] [drm] Initialized vboxvideo 1.0.0 20130823 for 0000:00:02.0 on minor 0
[    1.755370] mptbase: ioc0: Initiating bringup
[    1.856641] ioc0: LSI53C1030 A0: Capabilities={Initiator}
[    2.098822] scsi host2: ioc0: LSI53C1030 A0, FwRev=00000000h, Ports=1, MaxQ=256, IRQ=20
[    2.269098] scsi 2:0:0:0: Direct-Access     VBOX     HARDDISK         1.0  PQ: 0 ANSI: 5
[    2.312204] scsi target2:0:0: Beginning Domain Validation
[    2.314250] scsi target2:0:0: Domain Validation skipping write tests
[    2.314773] scsi target2:0:0: Ending Domain Validation
[    2.315228] scsi target2:0:0: asynchronous
[    2.316143] scsi 2:0:1:0: Direct-Access     VBOX     HARDDISK         1.0  PQ: 0 ANSI: 5
[    2.600266] scsi target2:0:1: Beginning Domain Validation
[    2.602794] scsi target2:0:1: Domain Validation skipping write tests
[    2.603832] scsi target2:0:1: Ending Domain Validation
[    2.605012] scsi target2:0:1: asynchronous
[    2.605677] e1000 0000:00:08.0 eth1: (PCI:33MHz:32-bit) 08:00:27:8d:67:f1
[    2.606628] e1000 0000:00:08.0 eth1: Intel(R) PRO/1000 Network Connection
[    2.611076] sd 2:0:0:0: Attached scsi generic sg0 type 0
[    2.612297] sd 2:0:0:0: [sda] 83886080 512-byte logical blocks: (42.9 GB/40.0 GiB)
[    2.613144] sd 2:0:0:0: [sda] Write Protect is off
[    2.613176] sd 2:0:1:0: Attached scsi generic sg1 type 0
[    2.614347] sd 2:0:1:0: [sdb] 20480 512-byte logical blocks: (10.5 MB/10.0 MiB)
[    2.614604] sd 2:0:0:0: [sda] Incomplete mode parameter data
[    2.615863] sd 2:0:0:0: [sda] Assuming drive cache: write through
[    2.615895] sd 2:0:1:0: [sdb] Write Protect is off
[    2.616910] random: fast init done
[    2.617957] sd 2:0:1:0: [sdb] Incomplete mode parameter data
[    2.617968] random: systemd-udevd: uninitialized urandom read (16 bytes read)
[    2.618539] sd 2:0:1:0: [sdb] Assuming drive cache: write through
[    2.619341] random: systemd-udevd: uninitialized urandom read (16 bytes read)
[    2.621110] random: systemd-udevd: uninitialized urandom read (16 bytes read)
[    2.622737]  sda: sda1
[    2.623562] sd 2:0:0:0: [sda] Attached SCSI disk
[    2.625135] sd 2:0:1:0: [sdb] Attached SCSI disk
[    2.957938] e1000 0000:00:09.0 eth2: (PCI:33MHz:32-bit) 08:00:27:9b:10:e9
[    2.959395] e1000 0000:00:09.0 eth2: Intel(R) PRO/1000 Network Connection
[    2.961037] e1000 0000:00:03.0 enp0s3: renamed from eth0
[    2.976927] e1000 0000:00:08.0 enp0s8: renamed from eth1
[    3.000656] e1000 0000:00:09.0 enp0s9: renamed from eth2
Begin: Loading essential drivers ... [    3.172019] raid6: sse2x1   gen()  6661 MB/s
[    3.220216] raid6: sse2x1   xor()  7872 MB/s
[    3.268204] raid6: sse2x2   gen() 16141 MB/s
[    3.316744] raid6: sse2x2   xor() 10089 MB/s
[    3.364214] raid6: sse2x4   gen() 16536 MB/s
[    3.412414] raid6: sse2x4   xor()  8016 MB/s
[    3.460460] raid6: avx2x1   gen() 17175 MB/s
[    3.508159] raid6: avx2x1   xor() 15039 MB/s
[    3.556248] raid6: avx2x2   gen() 31321 MB/s
[    3.604186] raid6: avx2x2   xor() 19830 MB/s
[    3.652021] raid6: avx2x4   gen() 34251 MB/s
[    3.700351] raid6: avx2x4   xor() 14902 MB/s
[    3.701021] raid6: using algorithm avx2x4 gen() 34251 MB/s
[    3.701776] raid6: .... xor() 14902 MB/s, rmw enabled
[    3.702659] raid6: using avx2x2 recovery algorithm
[    3.705619] xor: automatically using best checksumming function   avx       
[    3.708297] async_tx: api initialized (async)
done.
Begin: Running /scripts/init-premount ... done.
Begin: Mounting root file system ... Begin: Running /scripts/local-top ... done.
Begin: Running /scripts/local-premount ... [    3.755552] Btrfs loaded, crc32c=crc32c-intel
Scanning for Btrfs filesystems
done.
Begin: Will now check root file system ... fsck from util-linux 2.31.1
[/sbin/fsck.ext4 (1) -- /dev/sda1] fsck.ext4 -a -C0 /dev/sda1 
cloudimg-rootfs: clean, 74704/5120000 files, 727802/10485499 blocks
done.
[    3.809946] EXT4-fs (sda1): mounted filesystem with ordered data mode. Opts: (null)
done.
Begin: Running /scripts/local-bottom ... done.
Begin: Running /scripts/init-bottom ... done.
[    4.000045] ip_tables: (C) 2000-2006 Netfilter Core Team
[    4.015618] systemd[1]: systemd 237 running in system mode. (+PAM +AUDIT +SELINUX +IMA +APPARMOR +SMACK +SYSVINIT +UTMP +LIBCRYPTSETUP +GCRYPT +GNUTLS +ACL +XZ +LZ4 +SECCOMP +BLKID +ELFUTILS +KMOD -IDN2 +IDN -PCRE2 default-hierarchy=hybrid)
[    4.017606] systemd[1]: Detected virtualization oracle.
[    4.018294] systemd[1]: Detected architecture x86-64.

Welcome to [1mUbuntu 18.04.6 LTS[0m!

[    4.024713] systemd[1]: Set hostname to <ubuntu-bionic>.
[    4.361733] systemd[1]: Reached target Swap.
[[0;32m  OK  [0m] Reached target Swap.
[    4.365617] systemd[1]: Created slice User and Session Slice.
[[0;32m  OK  [0m] Created slice User and Session Slice.
[    4.367771] systemd[1]: Started Forward Password Requests to Wall Directory Watch.
[[0;32m  OK  [0m] Started Forward Password Requests to Wall Directory Watch.
[    4.370643] systemd[1]: Created slice System Slice.
[[0;32m  OK  [0m] Created slice System Slice.
[    4.372012] systemd[1]: Created slice system-serial\x2dgetty.slice.
[[0;32m  OK  [0m] Created slice system-serial\x2dgetty.slice.
[    4.373525] systemd[1]: Listening on Device-mapper event daemon FIFOs.
[[0;32m  OK  [0m] Listening on Device-mapper event daemon FIFOs.
[[0;32m  OK  [0m] Listening on Network Service Netlink Socket.
[[0;32m  OK  [0m] Listening on fsck to fsckd communication Socket.
[[0;32m  OK  [0m] Reached target Slices.
[[0;32m  OK  [0m] Listening on LVM2 metadata daemon socket.
[[0;32m  OK  [0m] Listening on Journal Audit Socket.
[[0;32m  OK  [0m] Listening on LVM2 poll daemon socket.
[[0;32m  OK  [0m] Listening on Syslog Socket.
[[0;32m  OK  [0m] Listening on /dev/initctl Compatibility Named Pipe.
[[0;32m  OK  [0m] Listening on udev Control Socket.
[[0;32m  OK  [0m] Listening on udev Kernel Socket.
[[0;32m  OK  [0m] Listening on Journal Socket (/dev/log).
[[0;32m  OK  [0m] Set up automount Arbitrary Executab…rmats File System Automount Point.
[[0;32m  OK  [0m] Reached target System Time Synchronized.
[[0;32m  OK  [0m] Reached target User and Group Name Lookups.
[[0;32m  OK  [0m] Listening on Journal Socket.
         Mounting Huge Pages File System...
         Starting Load Kernel Modules...
         Starting Set the console keyboard layout...
         Starting Monitoring of LVM2 mirrors…ng dmeventd or progress polling...
         Starting udev Coldplug all Devices...
         Starting Create list of required st…ce nodes for the current kernel...
         Starting Uncomplicated firewall...
         Mounting POSIX Message Queue File System...
         Mounting Kernel Debug File System...
         Starting Remount Root and Kernel File Systems...
         Starting Journal Service...
[[0;32m  OK  [0m] Mounted Huge Pages File System.
[    4.447077] Loading iSCSI transport class v2.0-870.
[    4.452995] iscsi: registered transport (tcp)
[[0;32m  OK  [0m] Started Create list of required sta…vice nodes for the current kernel.
[[0;32m  OK  [0m] Started Uncomplicated firewall.
[[0;32m  OK  [0m] Mounted POSIX Message Queue File System.
[[0;32m  OK  [0m] Mounted Kernel Debug File System.
         Starting Create Static Device Nodes in /dev...
[[0;32m  OK  [0m] Started LVM2 metadata daemon.
[[0;32m  OK  [0m] Started udev Coldplug all Devices.
[[0;32m  OK  [0m] Started Journal Service.
[    4.514061] iscsi: registered transport (iser)
[[0;32m  OK  [0m] Started Load Kernel Modules.
         Mounting FUSE Control File System...
         Mounting Kernel Configuration File System...
         Starting Apply Kernel Variables...
[[0;32m  OK  [0m] Mounted FUSE Control File System.
[[0;32m  OK  [0m] Mounted Kernel Configuration File System.
[[0;32m  OK  [0m] Started Create Static Device Nodes in /dev.
[    4.549243] EXT4-fs (sda1): re-mounted. Opts: (null)
[[0;32m  OK  [0m] Started Remount Root and Kernel File Systems.
         Starting Load/Save Random Seed...
         Starting udev Kernel Device Manager...
         Starting Flush Journal to Persistent Storage...
[[0;32m  OK  [0m] Started Monitoring of LVM2 mirrors,…sing dmeventd or progress polling.
[[0;32m  OK  [0m] Started Load/Save Random Seed.
[[0;32m  OK  [0m] Started udev Kernel Device Manager.
[[0;32m  OK  [0m] Started Apply Kernel Variables.
[[0;32m  OK  [0m] Started Set the console keyboard layout.
[[0;32m  OK  [0m] Reached target Local File Systems (Pre).
[[0;32m  OK  [0m] Reached target Local File Systems.
         Starting Set console font and keymap...
         Starting ebtables ruleset management...
         Starting Tell Plymouth To Write Out Runtime Data...
         Starting AppArmor initialization...
[[0;32m  OK  [0m] Started Dispatch Password Requests to Console Directory Watch.
[[0;32m  OK  [0m] Reached target Local Encrypted Volumes.
[[0;32m  OK  [0m] Started Tell Plymouth To Write Out Runtime Data.
[[0;32m  OK  [0m] Started Set console font and keymap.
[[0;32m  OK  [0m] Started Flush Journal to Persistent Storage.
         Starting Create Volatile Files and Directories...
[[0;32m  OK  [0m] Started Create Volatile Files and Directories.
         Starting Update UTMP about System Boot/Shutdown...
[[0;32m  OK  [0m] Found device /dev/ttyS0.
[[0;32m  OK  [0m] Started Update UTMP about System Boot/Shutdown.
[[0;32m  OK  [0m] Started ebtables ruleset management.
[[0;32m  OK  [0m] Listening on Load/Save RF Kill Switch Status /dev/rfkill Watch.
[[0;32m  OK  [0m] Started AppArmor initialization.
         Starting Load AppArmor profiles managed internally by snapd...
         Starting Initial cloud-init job (pre-networking)...
[[0;32m  OK  [0m] Started Load AppArmor profiles managed internally by snapd.
[    6.169284] cloud-init[565]: Cloud-init v. 22.1-14-g2e17a0d6-0ubuntu1~18.04.3 running 'init-local' at Wed, 04 May 2022 13:49:43 +0000. Up 5.99 seconds.
[[0;32m  OK  [0m] Started Initial cloud-init job (pre-networking).
[[0;32m  OK  [0m] Reached target Network (Pre).
         Starting Network Service...
[[0;32m  OK  [0m] Started Network Service.
         Starting Wait for Network to be Configured...
         Starting Network Name Resolution...
[[0;32m  OK  [0m] Started Network Name Resolution.
[[0;32m  OK  [0m] Reached target Host and Network Name Lookups.
[[0;32m  OK  [0m] Reached target Network.
[[0;32m  OK  [0m] Started Wait for Network to be Configured.
         Starting Initial cloud-init job (metadata service crawler)...
[    9.126578] cloud-init[717]: Cloud-init v. 22.1-14-g2e17a0d6-0ubuntu1~18.04.3 running 'init' at Wed, 04 May 2022 13:49:46 +0000. Up 8.94 seconds.
[    9.127281] cloud-init[717]: ci-info: ++++++++++++++++++++++++++++++++++++++Net device info+++++++++++++++++++++++++++++++++++++++
[    9.127778] cloud-init[717]: ci-info: +--------+------+-----------------------------+---------------+--------+-------------------+
[    9.128283] cloud-init[717]: ci-info: | Device |  Up  |           Address           |      Mask     | Scope  |     Hw-Address    |
[    9.128729] cloud-init[717]: ci-info: +--------+------+-----------------------------+---------------+--------+-------------------+
[    9.129146] cloud-init[717]: ci-info: | enp0s3 | True |          10.0.2.15          | 255.255.255.0 | global | 02:1c:11:cc:2f:ec |
[    9.129672] cloud-init[717]: ci-info: | enp0s3 | True |  fe80::1c:11ff:fecc:2fec/64 |       .       |  link  | 02:1c:11:cc:2f:ec |
[    9.130107] cloud-init[717]: ci-info: | enp0s8 | True |        192.168.56.55        | 255.255.255.0 | global | 08:00:27:8d:67:f1 |
[    9.130931] cloud-init[717]: ci-info: | enp0s8 | True | fe80::a00:27ff:fe8d:67f1/64 |       .       |  link  | 08:00:27:8d:67:f1 |
[    9.131395] cloud-init[717]: ci-info: | enp0s9 | True |         192.168.1.5         | 255.255.255.0 | global | 08:00:27:9b:10:e9 |
[    9.131862] cloud-init[717]: ci-info: | enp0s9 | True | fe80::a00:27ff:fe9b:10e9/64 |       .       |  link  | 08:00:27:9b:10:e9 |
[    9.132554] cloud-init[717]: ci-info: |   lo   | True |          127.0.0.1          |   255.0.0.0   |  host  |         .         |
[    9.133004] cloud-init[717]: ci-info: |   lo   | True |           ::1/128           |       .       |  host  |         .         |
[    9.133638] cloud-init[717]: ci-info: +--------+------+-----------------------------+---------------+--------+-------------------+
[    9.134408] cloud-init[717]: ci-info: ++++++++++++++++++++++++++++++Route IPv4 info+++++++++++++++++++++++++++++++
[    9.134815] cloud-init[717]: ci-info: +-------+--------------+-------------+-----------------+-----------+-------+
[    9.135262] cloud-init[717]: ci-info: | Route | Destination  |   Gateway   |     Genmask     | Interface | Flags |
[    9.135670] cloud-init[717]: ci-info: +-------+--------------+-------------+-----------------+-----------+-------+
[    9.144409] cloud-init[717]: ci-info: |   0   |   0.0.0.0    |   10.0.2.2  |     0.0.0.0     |   enp0s3  |   UG  |
[    9.145415] cloud-init[717]: ci-info: |   1   |   0.0.0.0    | 192.168.1.1 |     0.0.0.0     |   enp0s9  |   UG  |
[    9.145849] cloud-init[717]: ci-info: |   2   |   10.0.2.0   |   0.0.0.0   |  255.255.255.0  |   enp0s3  |   U   |
[    9.146254] cloud-init[717]: ci-info: |   3   |   10.0.2.2   |   0.0.0.0   | 255.255.255.255 |   enp0s3  |   UH  |
[    9.147338] cloud-init[717]: ci-info: |   4   | 192.168.1.0  |   0.0.0.0   |  255.255.255.0  |   enp0s9  |   U   |
[    9.148470] cloud-init[717]: ci-info: |   5   | 192.168.1.1  |   0.0.0.0   | 255.255.255.255 |   enp0s9  |   UH  |
[    9.149654] cloud-init[717]: ci-info: |   6   | 192.168.56.0 |   0.0.0.0   |  255.255.255.0  |   enp0s8  |   U   |
[    9.150812] cloud-init[717]: ci-info: +-------+--------------+-------------+-----------------+-----------+-------+
[    9.152162] cloud-init[717]: ci-info: +++++++++++++++++++Route IPv6 info+++++++++++++++++++
[    9.153330] cloud-init[717]: ci-info: +-------+-------------+---------+-----------+-------+
[    9.153737] cloud-init[717]: ci-info: | Route | Destination | Gateway | Interface | Flags |
[    9.154117] cloud-init[717]: ci-info: +-------+-------------+---------+-----------+-------+
[    9.154504] cloud-init[717]: ci-info: |   1   |  fe80::/64  |    ::   |   enp0s9  |   U   |
[    9.164360] cloud-init[717]: ci-info: |   2   |  fe80::/64  |    ::   |   enp0s8  |   U   |
[    9.165360] cloud-init[717]: ci-info: |   3   |  fe80::/64  |    ::   |   enp0s3  |   U   |
[    9.165762] cloud-init[717]: ci-info: |   5   |    local    |    ::   |   enp0s3  |   U   |
[    9.166145] cloud-init[717]: ci-info: |   6   |    local    |    ::   |   enp0s8  |   U   |
[    9.166472] cloud-init[717]: ci-info: |   7   |    local    |    ::   |   enp0s9  |   U   |
[    9.166776] cloud-init[717]: ci-info: |   8   |   ff00::/8  |    ::   |   enp0s9  |   U   |
[    9.167079] cloud-init[717]: ci-info: |   9   |   ff00::/8  |    ::   |   enp0s8  |   U   |
[    9.167436] cloud-init[717]: ci-info: |   10  |   ff00::/8  |    ::   |   enp0s3  |   U   |
[    9.167784] cloud-init[717]: ci-info: +-------+-------------+---------+-----------+-------+
[[0;32m  OK  [0m] Started Initial cloud-init job (metadata service crawler).
[[0;32m  OK  [0m] Reached target Network is Online.
         Starting Availability of block devices...
[[0;32m  OK  [0m] Reached target Remote File Systems (Pre).
         Mounting /vagrant...
[[0;32m  OK  [0m] Reached target Cloud-config availability.
[[0;32m  OK  [0m] Reached target System Initialization.
[[0;32m  OK  [0m] Started Daily apt download activities.
[[0;32m  OK  [0m] Started Daily apt upgrade and clean activities.
[[0;32m  OK  [0m] Listening on Open-iSCSI iscsid Socket.
[[0;32m  OK  [0m] Listening on cloud-init hotplug hook socket.
[[0;32m  OK  [0m] Started Daily Cleanup of Temporary Directories.
         Starting Socket activation for snappy daemon.
[[0;32m  OK  [0m] Listening on ACPID Listen Socket.
[[0;32m  OK  [0m] Listening on UUID daemon activation socket.
[[0;32m  OK  [0m] Started Message of the Day.
         Starting LXD - unix socket.
[[0;32m  OK  [0m] Started Trigger to poll for Ubuntu …(Only enabled on GCP LTS non-pro).
[[0;32m  OK  [0m] Started ACPI Events Check.
[[0;32m  OK  [0m] Reached target Paths.
[[0;32m  OK  [0m] Started Ubuntu Advantage Timer for running repeated jobs.
[[0;32m  OK  [0m] Started Discard unused blocks once a week.
[[0;32m  OK  [0m] Reached target Timers.
[[0;32m  OK  [0m] Listening on D-Bus System Message Bus Socket.
[[0;32m  OK  [0m] Started Availability of block devices.
[[0;32m  OK  [0m] Listening on Socket activation for snappy daemon.
[[0;32m  OK  [0m] Listening on LXD - unix socket.
[[0;32m  OK  [0m] Reached target Sockets.
[[0;32m  OK  [0m] Reached target Basic System.
         Starting Dispatcher daemon for systemd-networkd...
[[0;32m  OK  [0m] Started Regular background program processing daemon.
         Starting Accounts Service...
         Starting LXD - container startup/shutdown...
         Starting Login Service...
[[0;32m  OK  [0m] Started D-Bus System Message Bus.
[[0;32m  OK  [0m] Started Login Service.
[[0;32m  OK  [0m] Started Unattended Upgrades Shutdown.
         Starting LSB: Record successful boot for GRUB...
         Starting vboxadd.service...
[[0;32m  OK  [0m] Started FUSE filesystem for LXC.
         Starting OpenBSD Secure Shell server...
[[0;32m  OK  [0m] Started irqbalance daemon.
         Starting System Logging Service...
[[0;32m  OK  [0m] Started Deferred execution scheduler.
         Starting Snap Daemon...
[[0;1;31mFAILED[0m] Failed to mount /vagrant.
See 'systemctl status vagrant.mount' for details.
[[0;1;33mDEPEND[0m] Dependency failed for Remote File Systems.
         Starting Authorization Manager...
         Starting LSB: automatic crash report generation...
         Starting Permit User Sessions...
[[0;32m  OK  [0m] Started System Logging Service.
[[0;32m  OK  [0m] Started Permit User Sessions.
         Starting Terminate Plymouth Boot Screen...
         Starting Hold until boot process finishes up...
[[0;32m  OK  [0m] Started Hold until boot process finishes up.
[[0;32m  OK  [0m] Started Serial Getty on ttyS0.
         Starting Set console scheme...
[[0;32m  OK  [0m] Started Terminate Plymouth Boot Screen.
[[0;32m  OK  [0m] Started OpenBSD Secure Shell server.
[[0;32m  OK  [0m] Started Authorization Manager.
[[0;32m  OK  [0m] Started Accounts Service.
[[0;32m  OK  [0m] Started Set console scheme.
[[0;32m  OK  [0m] Created slice system-getty.slice.
[[0;32m  OK  [0m] Started Getty on tty1.
[[0;32m  OK  [0m] Reached target Login Prompts.
[[0;32m  OK  [0m] Started LXD - container startup/shutdown.
[[0;32m  OK  [0m] Started LSB: Record successful boot for GRUB.
[[0;32m  OK  [0m] Started Dispatcher daemon for systemd-networkd.
[[0;32m  OK  [0m] Started LSB: automatic crash report generation.
[[0;32m  OK  [0m] Started Snap Daemon.
         Starting Wait until snapd is fully seeded...
         Starting Time & Date Service...
[[0;32m  OK  [0m] Started Time & Date Service.
[[0;32m  OK  [0m] Started Wait until snapd is fully seeded.
         Starting Apply the settings specified in cloud-config...
[[0;32m  OK  [0m] Started vboxadd.service.
         Starting vboxadd-service.service...
[[0;32m  OK  [0m] Started vboxadd-service.service.
[[0;32m  OK  [0m] Reached target Multi-User System.
[[0;32m  OK  [0m] Reached target Graphical Interface.
         Starting Update UTMP about System Runlevel Changes...
[[0;32m  OK  [0m] Started Update UTMP about System Runlevel Changes.
[   11.818112] cloud-init[1209]: Cloud-init v. 22.1-14-g2e17a0d6-0ubuntu1~18.04.3 running 'modules:config' at Wed, 04 May 2022 13:49:49 +0000. Up 11.72 seconds.
[[0;32m  OK  [0m] Started Apply the settings specified in cloud-config.
         Starting Execute cloud user/final scripts...
[   12.313974] cloud-init[1354]: Cloud-init v. 22.1-14-g2e17a0d6-0ubuntu1~18.04.3 running 'modules:final' at Wed, 04 May 2022 13:49:50 +0000. Up 12.20 seconds.
[   12.314942] cloud-init[1354]: Cloud-init v. 22.1-14-g2e17a0d6-0ubuntu1~18.04.3 finished at Wed, 04 May 2022 13:49:50 +0000. Datasource DataSourceNoCloud [seed=/dev/sdb][dsmode=net].  Up 12.30 seconds
[[0;32m  OK  [0m] Started Execute cloud user/final scripts.
[[0;32m  OK  [0m] Reached target Cloud-init target.

Ubuntu 18.04.6 LTS ubuntu-bionic ttyS0

ubuntu-bionic login: [[0;32m  OK  [0m] Stopped target Cloud-init target.
[[0;32m  OK  [0m] Stopped Execute cloud user/final scripts.
[[0;32m  OK  [0m] Closed Load/Save RF Kill Switch Status /dev/rfkill Watch.
[[0;32m  OK  [0m] Stopped Apply the settings specified in cloud-config.
[[0;32m  OK  [0m] Stopped target Graphical Interface.
         Stopping Accounts Service...
[[0;32m  OK  [0m] Stopped target Multi-User System.
         Stopping vboxadd-service.service...
         Stopping Dispatcher daemon for systemd-networkd...
         Stopping irqbalance daemon...
         Stopping Deferred execution scheduler...
         Stopping LSB: Record successful boot for GRUB...
         Stopping Regular background program processing daemon...
         Stopping LXD - container startup/shutdown...
         Stopping OpenBSD Secure Shell server...
         Stopping D-Bus System Message Bus...
         Stopping FUSE filesystem for LXC...
[[0;32m  OK  [0m] Stopped target Login Prompts.
         Stopping Getty on tty1...
         Stopping Serial Getty on ttyS0...
         Stopping The Apache HTTP Server...
         Stopping LSB: automatic crash report generation...
         Stopping User Manager for UID 1000...
[[0;32m  OK  [0m] Stopped Wait until snapd is fully seeded.
[[0;32m  OK  [0m] Stopped target Cloud-config availability.
[[0;32m  OK  [0m] Stopped target Timers.
[[0;32m  OK  [0m] Stopped Message of the Day.
[[0;32m  OK  [0m] Stopped Daily Cleanup of Temporary Directories.
[[0;32m  OK  [0m] Stopped Daily apt upgrade and clean activities.
[[0;32m  OK  [0m] Stopped Daily apt download activities.
[[0;32m  OK  [0m] Stopped Ubuntu Advantage Timer for running repeated jobs.
[[0;32m  OK  [0m] Stopped Discard unused blocks once a week.
[[0;32m  OK  [0m] Stopped target System Time Synchronized.
         Stopping System Logging Service...
         Unmounting /vagrant...
         Stopping Availability of block devices...
         Stopping Authorization Manager...
         Stopping Session 3 of user vagrant.
[[0;32m  OK  [0m] Unmounted /var/lib/lxcfs.
[[0;32m  OK  [0m] Stopped Dispatcher daemon for systemd-networkd.
[[0;32m  OK  [0m] Stopped Regular background program processing daemon.
[[0;32m  OK  [0m] Stopped Accounts Service.
[[0;32m  OK  [0m] Stopped irqbalance daemon.
[[0;32m  OK  [0m] Stopped System Logging Service.
[[0;32m  OK  [0m] Stopped Deferred execution scheduler.
[[0;32m  OK  [0m] Stopped Serial Getty on ttyS0.
[[0;32m  OK  [0m] Stopped OpenBSD Secure Shell server.
[[0;32m  OK  [0m] Stopped Getty on tty1.
[[0;32m  OK  [0m] Stopped User Manager for UID 1000.
[[0;32m  OK  [0m] Stopped D-Bus System Message Bus.
[[0;32m  OK  [0m] Unmounted /vagrant.
[[0;32m  OK  [0m] Stopped Session 3 of user vagrant.
[[0;32m  OK  [0m] Stopped Authorization Manager.
[[0;32m  OK  [0m] Stopped vboxadd-service.service.
[[0;32m  OK  [0m] Stopped Availability of block devices.
[[0;32m  OK  [0m] Stopped FUSE filesystem for LXC.
[[0;32m  OK  [0m] Stopped LXD - container startup/shutdown.
         Stopping vboxadd.service...
[[0;32m  OK  [0m] Stopped target Network is Online.
[[0;32m  OK  [0m] Stopped target Remote File Systems (Pre).
[[0;32m  OK  [0m] Removed slice User Slice of vagrant.
         Stopping Login Service...
[[0;32m  OK  [0m] Removed slice system-getty.slice.
[[0;32m  OK  [0m] Removed slice system-serial\x2dgetty.slice.
         Stopping Permit User Sessions...
[[0;32m  OK  [0m] Stopped LSB: Record successful boot for GRUB.
[[0;32m  OK  [0m] Stopped LSB: automatic crash report generation.
[[0;32m  OK  [0m] Stopped Permit User Sessions.
[[0;32m  OK  [0m] Stopped The Apache HTTP Server.
[[0;32m  OK  [0m] Stopped target Network.
[[0;32m  OK  [0m] Stopped target Host and Network Name Lookups.
         Stopping Network Name Resolution...
[[0;32m  OK  [0m] Stopped Network Name Resolution.
         Stopping Network Service...
[[0;32m  OK  [0m] Stopped Login Service.
[[0;32m  OK  [0m] Stopped target User and Group Name Lookups.
[[0;32m  OK  [0m] Stopped vboxadd.service.
[[0;32m  OK  [0m] Stopped target Basic System.
[[0;32m  OK  [0m] Stopped target Paths.
[[0;32m  OK  [0m] Stopped Trigger to poll for Ubuntu …(Only enabled on GCP LTS non-pro).
[[0;32m  OK  [0m] Stopped ACPI Events Check.
[[0;32m  OK  [0m] Stopped target Slices.
[[0;32m  OK  [0m] Removed slice User and Session Slice.
[[0;32m  OK  [0m] Stopped target Sockets.
[[0;32m  OK  [0m] Closed Open-iSCSI iscsid Socket.
[[0;32m  OK  [0m] Closed D-Bus System Message Bus Socket.
[[0;32m  OK  [0m] Closed ACPID Listen Socket.
[[0;32m  OK  [0m] Closed UUID daemon activation socket.
[[0;32m  OK  [0m] Closed cloud-init hotplug hook socket.
[[0;32m  OK  [0m] Closed LXD - unix socket.
[[0;32m  OK  [0m] Closed Socket activation for snappy daemon.
[[0;32m  OK  [0m] Stopped target System Initialization.
[[0;32m  OK  [0m] Stopped Initial cloud-init job (metadata service crawler).
         Stopping Load/Save Random Seed...
[[0;32m  OK  [0m] Stopped target Local Encrypted Volumes.
[[0;32m  OK  [0m] Stopped Forward Password Requests to Wall Directory Watch.
[[0;32m  OK  [0m] Stopped Dispatch Password Requests to Console Directory Watch.
         Stopping Update UTMP about System Boot/Shutdown...
[[0;32m  OK  [0m] Closed Syslog Socket.
[[0;32m  OK  [0m] Stopped Network Service.
[[0;32m  OK  [0m] Stopped Load/Save Random Seed.
[[0;32m  OK  [0m] Stopped Apply Kernel Variables.
[[0;32m  OK  [0m] Stopped Load Kernel Modules.
[[0;32m  OK  [0m] Stopped target Network (Pre).
[[0;32m  OK  [0m] Stopped Initial cloud-init job (pre-networking).
[[0;32m  OK  [0m] Stopped Update UTMP about System Boot/Shutdown.
[[0;32m  OK  [0m] Stopped Create Volatile Files and Directories.
[[0;32m  OK  [0m] Stopped target Local File Systems.
         Unmounting /run/user/1000...
[[0;32m  OK  [0m] Unmounted /run/user/1000.
[[0;32m  OK  [0m] Reached target Unmount All Filesystems.
[[0;32m  OK  [0m] Stopped target Local File Systems (Pre).
         Stopping Monitoring of LVM2 mirrors…ng dmeventd or progress polling...
[[0;32m  OK  [0m] Stopped Create Static Device Nodes in /dev.
[[0;32m  OK  [0m] Stopped Remount Root and Kernel File Systems.
[[0;32m  OK  [0m] Stopped target Swap.
[[0;32m  OK  [0m] Reached target Shutdown.
[[0;32m  OK  [0m] Reached target Final Step.
         Starting Power-Off...
[ 1277.991336] reboot: Power down
