[    0.000000] Linux version 4.15.0-176-generic (buildd@lcy02-amd64-020) (gcc version 7.5.0 (Ubuntu 7.5.0-3ubuntu1~18.04)) #185-Ubuntu SMP Tue Mar 29 17:40:04 UTC 2022 (Ubuntu 4.15.0-176.185-generic 4.15.18)
[    0.000000] Command line: BOOT_IMAGE=/boot/vmlinuz-4.15.0-176-generic root=LABEL=cloudimg-rootfs ro console=tty1 console=ttyS0
[    0.000000] KERNEL supported cpus:
[    0.000000]   Intel GenuineIntel
[    0.000000]   AMD AuthenticAMD
[    0.000000]   Centaur CentaurHauls
[    0.000000] [Firmware Bug]: TSC doesn't count with P0 frequency!
[    0.000000] x86/fpu: Supporting XSAVE feature 0x001: 'x87 floating point registers'
[    0.000000] x86/fpu: Supporting XSAVE feature 0x002: 'SSE registers'
[    0.000000] x86/fpu: Supporting XSAVE feature 0x004: 'AVX registers'
[    0.000000] x86/fpu: xstate_offset[2]:  576, xstate_sizes[2]:  256
[    0.000000] x86/fpu: Enabled xstate features 0x7, context size is 832 bytes, using 'standard' format.
[    0.000000] e820: BIOS-provided physical RAM map:
[    0.000000] BIOS-e820: [mem 0x0000000000000000-0x000000000009fbff] usable
[    0.000000] BIOS-e820: [mem 0x000000000009fc00-0x000000000009ffff] reserved
[    0.000000] BIOS-e820: [mem 0x00000000000f0000-0x00000000000fffff] reserved
[    0.000000] BIOS-e820: [mem 0x0000000000100000-0x000000003ffeffff] usable
[    0.000000] BIOS-e820: [mem 0x000000003fff0000-0x000000003fffffff] ACPI data
[    0.000000] BIOS-e820: [mem 0x00000000fec00000-0x00000000fec00fff] reserved
[    0.000000] BIOS-e820: [mem 0x00000000fee00000-0x00000000fee00fff] reserved
[    0.000000] BIOS-e820: [mem 0x00000000fffc0000-0x00000000ffffffff] reserved
[    0.000000] NX (Execute Disable) protection: active
[    0.000000] SMBIOS 2.5 present.
[    0.000000] DMI: innotek GmbH VirtualBox/VirtualBox, BIOS VirtualBox 12/01/2006
[    0.000000] Hypervisor detected: KVM
[    0.000000] e820: last_pfn = 0x3fff0 max_arch_pfn = 0x400000000
[    0.000000] MTRR: Disabled
[    0.000000] x86/PAT: MTRRs disabled, skipping PAT initialization too.
[    0.000000] CPU MTRRs all blank - virtualized system.
[    0.000000] x86/PAT: Configuration [0-7]: WB  WT  UC- UC  WB  WT  UC- UC  
[    0.000000] found SMP MP-table at [mem 0x0009fff0-0x0009ffff]
[    0.000000] Scanning 1 areas for low memory corruption
[    0.000000] RAMDISK: [mem 0x359c7000-0x36cdafff]
[    0.000000] ACPI: Early table checksum verification disabled
[    0.000000] ACPI: RSDP 0x00000000000E0000 000024 (v02 VBOX  )
[    0.000000] ACPI: XSDT 0x000000003FFF0030 00003C (v01 VBOX   VBOXXSDT 00000001 ASL  00000061)
[    0.000000] ACPI: FACP 0x000000003FFF00F0 0000F4 (v04 VBOX   VBOXFACP 00000001 ASL  00000061)
[    0.000000] ACPI: DSDT 0x000000003FFF0470 002325 (v02 VBOX   VBOXBIOS 00000002 INTL 20190509)
[    0.000000] ACPI: FACS 0x000000003FFF0200 000040
[    0.000000] ACPI: FACS 0x000000003FFF0200 000040
[    0.000000] ACPI: APIC 0x000000003FFF0240 00005C (v02 VBOX   VBOXAPIC 00000001 ASL  00000061)
[    0.000000] ACPI: SSDT 0x000000003FFF02A0 0001CC (v01 VBOX   VBOXCPUT 00000002 INTL 20190509)
[    0.000000] ACPI: Reserving FACP table memory at [mem 0x3fff00f0-0x3fff01e3]
[    0.000000] ACPI: Reserving DSDT table memory at [mem 0x3fff0470-0x3fff2794]
[    0.000000] ACPI: Reserving FACS table memory at [mem 0x3fff0200-0x3fff023f]
[    0.000000] ACPI: Reserving FACS table memory at [mem 0x3fff0200-0x3fff023f]
[    0.000000] ACPI: Reserving APIC table memory at [mem 0x3fff0240-0x3fff029b]
[    0.000000] ACPI: Reserving SSDT table memory at [mem 0x3fff02a0-0x3fff046b]
[    0.000000] No NUMA configuration found
[    0.000000] Faking a node at [mem 0x0000000000000000-0x000000003ffeffff]
[    0.000000] NODE_DATA(0) allocated [mem 0x3ffc5000-0x3ffeffff]
[    0.000000] kvm-clock: cpu 0, msr 0:3ff44001, primary cpu clock
[    0.000000] kvm-clock: Using msrs 4b564d01 and 4b564d00
[    0.000000] kvm-clock: using sched offset of 3143781341 cycles
[    0.000000] clocksource: kvm-clock: mask: 0xffffffffffffffff max_cycles: 0x1cd42e4dffb, max_idle_ns: 881590591483 ns
[    0.000000] Zone ranges:
[    0.000000]   DMA      [mem 0x0000000000001000-0x0000000000ffffff]
[    0.000000]   DMA32    [mem 0x0000000001000000-0x000000003ffeffff]
[    0.000000]   Normal   empty
[    0.000000]   Device   empty
[    0.000000] Movable zone start for each node
[    0.000000] Early memory node ranges
[    0.000000]   node   0: [mem 0x0000000000001000-0x000000000009efff]
[    0.000000]   node   0: [mem 0x0000000000100000-0x000000003ffeffff]
[    0.000000] Reserved but unavailable: 104 pages
[    0.000000] Initmem setup node 0 [mem 0x0000000000001000-0x000000003ffeffff]
[    0.000000] ACPI: PM-Timer IO Port: 0x4008
[    0.000000] IOAPIC[0]: apic_id 2, version 32, address 0xfec00000, GSI 0-23
[    0.000000] ACPI: INT_SRC_OVR (bus 0 bus_irq 0 global_irq 2 dfl dfl)
[    0.000000] ACPI: INT_SRC_OVR (bus 0 bus_irq 9 global_irq 9 low level)
[    0.000000] Using ACPI (MADT) for SMP configuration information
[    0.000000] smpboot: Allowing 2 CPUs, 0 hotplug CPUs
[    0.000000] PM: Registered nosave memory: [mem 0x00000000-0x00000fff]
[    0.000000] PM: Registered nosave memory: [mem 0x0009f000-0x0009ffff]
[    0.000000] PM: Registered nosave memory: [mem 0x000a0000-0x000effff]
[    0.000000] PM: Registered nosave memory: [mem 0x000f0000-0x000fffff]
[    0.000000] e820: [mem 0x40000000-0xfebfffff] available for PCI devices
[    0.000000] Booting paravirtualized kernel on KVM
[    0.000000] clocksource: refined-jiffies: mask: 0xffffffff max_cycles: 0xffffffff, max_idle_ns: 7645519600211568 ns
[    0.000000] random: get_random_bytes called from start_kernel+0x99/0x500 with crng_init=0
[    0.000000] setup_percpu: NR_CPUS:8192 nr_cpumask_bits:2 nr_cpu_ids:2 nr_node_ids:1
[    0.000000] percpu: Embedded 50 pages/cpu s167936 r8192 d28672 u1048576
[    0.000000] PV qspinlock hash table entries: 256 (order: 0, 4096 bytes)
[    0.000000] Built 1 zonelists, mobility grouping on.  Total pages: 257913
[    0.000000] Policy zone: DMA32
[    0.000000] Kernel command line: BOOT_IMAGE=/boot/vmlinuz-4.15.0-176-generic root=LABEL=cloudimg-rootfs ro console=tty1 console=ttyS0
[    0.000000] Memory: 982640K/1048120K available (12300K kernel code, 2484K rwdata, 4324K rodata, 2468K init, 2724K bss, 65480K reserved, 0K cma-reserved)
[    0.000000] SLUB: HWalign=64, Order=0-3, MinObjects=0, CPUs=2, Nodes=1
[    0.000000] ftrace: allocating 39504 entries in 155 pages
[    0.004000] Hierarchical RCU implementation.
[    0.004000] 	RCU restricting CPUs from NR_CPUS=8192 to nr_cpu_ids=2.
[    0.004000] 	Tasks RCU enabled.
[    0.004000] RCU: Adjusting geometry for rcu_fanout_leaf=16, nr_cpu_ids=2
[    0.004000] NR_IRQS: 524544, nr_irqs: 440, preallocated irqs: 16
[    0.004000] Console: colour VGA+ 80x25
[    0.004000] console [tty1] enabled
[    0.004000] console [ttyS0] enabled
[    0.004000] ACPI: Core revision 20170831
[    0.004000] ACPI: 2 ACPI AML tables successfully acquired and loaded
[    0.004000] APIC: Switch to symmetric I/O mode setup
[    0.004000] x2apic enabled
[    0.004000] Switched APIC routing to physical x2apic.
[    0.004000] ..TIMER: vector=0x30 apic1=0 pin1=2 apic2=-1 pin2=-1
[    0.004000] tsc: Detected 2994.318 MHz processor
[    0.004000] Calibrating delay loop (skipped) preset value.. 5988.63 BogoMIPS (lpj=11977272)
[    0.004000] pid_max: default: 32768 minimum: 301
[    0.004000] Security Framework initialized
[    0.004000] Yama: becoming mindful.
[    0.004000] AppArmor: AppArmor initialized
[    0.004000] Dentry cache hash table entries: 131072 (order: 8, 1048576 bytes)
[    0.004000] Inode-cache hash table entries: 65536 (order: 7, 524288 bytes)
[    0.004000] Mount-cache hash table entries: 2048 (order: 2, 16384 bytes)
[    0.004000] Mountpoint-cache hash table entries: 2048 (order: 2, 16384 bytes)
[    0.004000] Last level iTLB entries: 4KB 1024, 2MB 1024, 4MB 512
[    0.004000] Last level dTLB entries: 4KB 2048, 2MB 2048, 4MB 1024, 1GB 0
[    0.004000] Spectre V1 : Mitigation: usercopy/swapgs barriers and __user pointer sanitization
[    0.004000] Spectre V2 : LFENCE not serializing, switching to generic retpoline
[    0.004000] Spectre V2 : Mitigation: Retpolines
[    0.004000] Spectre V2 : Spectre v2 / SpectreRSB mitigation: Filling RSB on context switch
[    0.004000] Speculative Store Bypass: Mitigation: Speculative Store Bypass disabled via prctl and seccomp
[    0.004000] Freeing SMP alternatives memory: 36K
[    0.116000] APIC calibration not consistent with PM-Timer: 105ms instead of 100ms
[    0.116000] APIC delta adjusted to PM-Timer: 6397716 (6741504)
[    0.116000] smpboot: CPU0: AMD Ryzen 5 4600H with Radeon Graphics (family: 0x17, model: 0x60, stepping: 0x1)
[    0.116000] Performance Events: PMU not available due to virtualization, using software events only.
[    0.116000] Hierarchical SRCU implementation.
[    0.116000] NMI watchdog: Perf event create on CPU 0 failed with -2
[    0.116000] NMI watchdog: Perf NMI watchdog permanently disabled
[    0.116000] smp: Bringing up secondary CPUs ...
[    0.116074] x86: Booting SMP configuration:
[    0.116542] .... node  #0, CPUs:      #1
[    0.004000] kvm-clock: cpu 1, msr 0:3ff44041, secondary cpu clock
[    0.122941] smp: Brought up 1 node, 2 CPUs
[    0.124018] smpboot: Max logical packages: 1
[    0.124527] smpboot: Total of 2 processors activated (11977.27 BogoMIPS)
[    0.125475] devtmpfs: initialized
[    0.125475] x86/mm: Memory block size: 128MB
[    0.125475] evm: security.selinux
[    0.125475] evm: security.SMACK64
[    0.125615] evm: security.SMACK64EXEC
[    0.128005] evm: security.SMACK64TRANSMUTE
[    0.128365] evm: security.SMACK64MMAP
[    0.128694] evm: security.apparmor
[    0.129046] evm: security.ima
[    0.129363] evm: security.capability
[    0.129734] clocksource: jiffies: mask: 0xffffffff max_cycles: 0xffffffff, max_idle_ns: 7645041785100000 ns
[    0.129734] futex hash table entries: 512 (order: 3, 32768 bytes)
[    0.129734] pinctrl core: initialized pinctrl subsystem
[    0.129734] RTC time: 15:40:34, date: 05/04/22
[    0.130275] NET: Registered protocol family 16
[    0.131362] audit: initializing netlink subsys (disabled)
[    0.136074] audit: type=2000 audit(1651678839.270:1): state=initialized audit_enabled=0 res=1
[    0.137899] cpuidle: using governor ladder
[    0.137899] cpuidle: using governor menu
[    0.140203] ACPI: bus type PCI registered
[    0.140677] acpiphp: ACPI Hot Plug PCI Controller Driver version: 0.5
[    0.141355] PCI: Using configuration type 1 for base access
[    0.141878] PCI: Using configuration type 1 for extended access
[    0.142485] HugeTLB registered 2.00 MiB page size, pre-allocated 0 pages
[    0.144066] ACPI: Added _OSI(Module Device)
[    0.144447] ACPI: Added _OSI(Processor Device)
[    0.144833] ACPI: Added _OSI(3.0 _SCP Extensions)
[    0.145268] ACPI: Added _OSI(Processor Aggregator Device)
[    0.145767] ACPI: Added _OSI(Linux-Dell-Video)
[    0.146188] ACPI: Added _OSI(Linux-Lenovo-NV-HDMI-Audio)
[    0.146678] ACPI: Added _OSI(Linux-HPI-Hybrid-Graphics)
[    0.147299] ACPI: Executed 1 blocks of module-level executable AML code
[    0.150136] ACPI: Interpreter enabled
[    0.150520] ACPI: (supports S0 S5)
[    0.150861] ACPI: Using IOAPIC for interrupt routing
[    0.151484] PCI: Using host bridge windows from ACPI; if necessary, use "pci=nocrs" and report a bug
[    0.152214] ACPI: Enabled 2 GPEs in block 00 to 07
[    0.157292] ACPI: PCI Root Bridge [PCI0] (domain 0000 [bus 00-ff])
[    0.157951] acpi PNP0A03:00: _OSC: OS supports [ExtendedConfig ASPM ClockPM Segments MSI]
[    0.159339] acpi PNP0A03:00: _OSC: platform does not support [PCIeCapability]
[    0.160211] acpi PNP0A03:00: _OSC: not requesting control; platform does not support [PCIeCapability]
[    0.161347] acpi PNP0A03:00: _OSC: OS requested [PCIeHotplug PME AER PCIeCapability]
[    0.162048] acpi PNP0A03:00: _OSC: platform willing to grant [PCIeHotplug PME AER]
[    0.162714] acpi PNP0A03:00: _OSC failed (AE_SUPPORT); disabling ASPM
[    0.163514] PCI host bridge to bus 0000:00
[    0.163882] pci_bus 0000:00: root bus resource [io  0x0000-0x0cf7 window]
[    0.164003] pci_bus 0000:00: root bus resource [io  0x0d00-0xffff window]
[    0.164579] pci_bus 0000:00: root bus resource [mem 0x000a0000-0x000bffff window]
[    0.165218] pci_bus 0000:00: root bus resource [mem 0x40000000-0xfdffffff window]
[    0.165931] pci_bus 0000:00: root bus resource [bus 00-ff]
[    0.167288] pci 0000:00:01.1: legacy IDE quirk: reg 0x10: [io  0x01f0-0x01f7]
[    0.168009] pci 0000:00:01.1: legacy IDE quirk: reg 0x14: [io  0x03f6]
[    0.168631] pci 0000:00:01.1: legacy IDE quirk: reg 0x18: [io  0x0170-0x0177]
[    0.169324] pci 0000:00:01.1: legacy IDE quirk: reg 0x1c: [io  0x0376]
[    0.192864] pci 0000:00:07.0: quirk: [io  0x4000-0x403f] claimed by PIIX4 ACPI
[    0.193587] pci 0000:00:07.0: quirk: [io  0x4100-0x410f] claimed by PIIX4 SMB
[    0.215485] ACPI: PCI Interrupt Link [LNKA] (IRQs 5 9 10 *11)
[    0.216281] ACPI: PCI Interrupt Link [LNKB] (IRQs 5 9 *10 11)
[    0.216912] ACPI: PCI Interrupt Link [LNKC] (IRQs 5 *9 10 11)
[    0.217780] ACPI: PCI Interrupt Link [LNKD] (IRQs 5 9 10 *11)
[    0.219589] SCSI subsystem initialized
[    0.220192] pci 0000:00:02.0: vgaarb: setting as boot VGA device
[    0.221437] pci 0000:00:02.0: vgaarb: VGA device added: decodes=io+mem,owns=io+mem,locks=none
[    0.224027] pci 0000:00:02.0: vgaarb: bridge control possible
[    0.225126] vgaarb: loaded
[    0.225723] ACPI: bus type USB registered
[    0.226579] usbcore: registered new interface driver usbfs
[    0.228015] usbcore: registered new interface driver hub
[    0.228953] usbcore: registered new device driver usb
[    0.229469] EDAC MC: Ver: 3.0.0
[    0.229469] PCI: Using ACPI for IRQ routing
[    0.229469] NetLabel: Initializing
[    0.229469] NetLabel:  domain hash size = 128
[    0.229469] NetLabel:  protocols = UNLABELED CIPSOv4 CALIPSO
[    0.229469] NetLabel:  unlabeled traffic allowed by default
[    0.232055] clocksource: Switched to clocksource kvm-clock
[    0.247346] VFS: Disk quotas dquot_6.6.0
[    0.247820] VFS: Dquot-cache hash table entries: 512 (order 0, 4096 bytes)
[    0.248564] AppArmor: AppArmor Filesystem Enabled
[    0.249067] pnp: PnP ACPI init
[    0.250039] pnp: PnP ACPI: found 3 devices
[    0.258261] clocksource: acpi_pm: mask: 0xffffff max_cycles: 0xffffff, max_idle_ns: 2085701024 ns
[    0.259264] NET: Registered protocol family 2
[    0.259697] IP idents hash table entries: 16384 (order: 5, 131072 bytes)
[    0.260541] TCP established hash table entries: 8192 (order: 4, 65536 bytes)
[    0.262041] TCP bind hash table entries: 8192 (order: 5, 131072 bytes)
[    0.262655] TCP: Hash tables configured (established 8192 bind 8192)
[    0.263278] UDP hash table entries: 512 (order: 2, 16384 bytes)
[    0.263837] UDP-Lite hash table entries: 512 (order: 2, 16384 bytes)
[    0.264584] NET: Registered protocol family 1
[    0.265004] pci 0000:00:00.0: Limiting direct PCI/PCI transfers
[    0.265524] pci 0000:00:01.0: Activating ISA DMA hang workarounds
[    0.266140] pci 0000:00:02.0: Video device with shadowed ROM at [mem 0x000c0000-0x000dffff]
[    0.266913] Unpacking initramfs...
[    0.536395] Freeing initrd memory: 19536K
[    0.537040] clocksource: tsc: mask: 0xffffffffffffffff max_cycles: 0x2b294e3c577, max_idle_ns: 440795340690 ns
[    0.538069] platform rtc_cmos: registered platform RTC device (no PNP device found)
[    0.538896] Scanning for low memory corruption every 60 seconds
[    0.540147] Initialise system trusted keyrings
[    0.540615] Key type blacklist registered
[    0.541113] workingset: timestamp_bits=36 max_order=18 bucket_order=0
[    0.542720] zbud: loaded
[    0.543426] squashfs: version 4.0 (2009/01/31) Phillip Lougher
[    0.544156] fuse init (API version 7.26)
[    0.546099] Key type asymmetric registered
[    0.546440] Asymmetric key parser 'x509' registered
[    0.546841] Block layer SCSI generic (bsg) driver version 0.4 loaded (major 246)
[    0.547445] io scheduler noop registered
[    0.547765] io scheduler deadline registered
[    0.548153] io scheduler cfq registered (default)
[    0.548717] ACPI: AC Adapter [AC] (on-line)
[    0.549126] input: Power Button as /devices/LNXSYSTM:00/LNXPWRBN:00/input/input0
[    0.549925] ACPI: Power Button [PWRF]
[    0.550319] input: Sleep Button as /devices/LNXSYSTM:00/LNXSLPBN:00/input/input1
[    0.551159] ACPI: Sleep Button [SLPF]
[    0.551747] Serial: 8250/16550 driver, 32 ports, IRQ sharing enabled
[    0.552446] ACPI: Battery Slot [BAT0] (battery present)
[    0.572721] 00:02: ttyS0 at I/O 0x3f8 (irq = 4, base_baud = 115200) is a 16550A
[    0.576739] Linux agpgart interface v0.103
[    0.578360] loop: module loaded
[    0.579078] scsi host0: ata_piix
[    0.579937] scsi host1: ata_piix
[    0.580435] ata1: PATA max UDMA/33 cmd 0x1f0 ctl 0x3f6 bmdma 0xd000 irq 14
[    0.581026] ata2: PATA max UDMA/33 cmd 0x170 ctl 0x376 bmdma 0xd008 irq 15
[    0.581797] tun: Universal TUN/TAP device driver, 1.6
[    0.582338] PPP generic driver version 2.4.2
[    0.582782] ehci_hcd: USB 2.0 'Enhanced' Host Controller (EHCI) Driver
[    0.583350] ehci-pci: EHCI PCI platform driver
[    0.583763] ehci-platform: EHCI generic platform driver
[    0.584678] ohci_hcd: USB 1.1 'Open' Host Controller (OHCI) Driver
[    0.585259] ohci-pci: OHCI PCI platform driver
[    0.585636] ohci-platform: OHCI generic platform driver
[    0.586108] uhci_hcd: USB Universal Host Controller Interface driver
[    0.586701] i8042: PNP: PS/2 Controller [PNP0303:PS2K,PNP0f03:PS2M] at 0x60,0x64 irq 1,12
[    0.587704] serio: i8042 KBD port at 0x60,0x64 irq 1
[    0.588282] serio: i8042 AUX port at 0x60,0x64 irq 12
[    0.588952] mousedev: PS/2 mouse device common for all mice
[    0.589999] input: AT Translated Set 2 keyboard as /devices/platform/i8042/serio0/input/input2
[    0.590784] rtc_cmos rtc_cmos: rtc core: registered rtc_cmos as rtc0
[    0.591516] rtc_cmos rtc_cmos: alarms up to one day, 114 bytes nvram
[    0.592148] i2c /dev entries driver
[    0.592514] device-mapper: uevent: version 1.0.3
[    0.593266] device-mapper: ioctl: 4.37.0-ioctl (2017-09-20) initialised: dm-devel@redhat.com
[    0.594044] ledtrig-cpu: registered to indicate activity on CPUs
[    0.594831] NET: Registered protocol family 10
[    0.597757] Segment Routing with IPv6
[    0.598122] NET: Registered protocol family 17
[    0.598517] Key type dns_resolver registered
[    0.598990] mce: Using 0 MCE banks
[    0.599330] RAS: Correctable Errors collector initialized.
[    0.599823] sched_clock: Marking stable (598967986, 0)->(707100231, -108132245)
[    0.600733] registered taskstats version 1
[    0.601099] Loading compiled-in X.509 certificates
[    0.603086] Loaded X.509 cert 'Build time autogenerated kernel key: cf84eab1a20f3cf5ac3912166f3a35d35ba78c0c'
[    0.604735] Loaded X.509 cert 'Canonical Ltd. Live Patch Signing: 14df34d1a87cf37625abec039ef2bf521249b969'
[    0.606076] Loaded X.509 cert 'Canonical Ltd. Kernel Module Signing: 88f752e560a1e0737e31163a466ad7b70a850c19'
[    0.606952] blacklist: Loading compiled-in revocation X.509 certificates
[    0.607540] Loaded X.509 cert 'Canonical Ltd. Secure Boot Signing: 61482aa2830d0ab2ad5af10b7250da9033ddcef0'
[    0.608465] zswap: loaded using pool lzo/zbud
[    0.611120] Key type big_key registered
[    0.611507] Key type trusted registered
[    0.612838] Key type encrypted registered
[    0.613251] AppArmor: AppArmor sha1 policy hashing enabled
[    0.613799] ima: No TPM chip found, activating TPM-bypass! (rc=-19)
[    0.614360] ima: Allocated hash algorithm: sha1
[    0.614786] evm: HMAC attrs: 0x1
[    0.615258]   Magic number: 6:18:689
[    0.615688] rtc_cmos rtc_cmos: setting system clock to 2022-05-04 15:40:34 UTC (1651678834)
[    0.616814] BIOS EDD facility v0.16 2004-Jun-25, 0 devices found
[    0.617367] EDD information not available.
[    0.768357] Freeing unused kernel image memory: 2468K
[    0.780281] Write protecting the kernel read-only data: 20480k
[    0.782486] Freeing unused kernel image memory: 2008K
[    0.784342] Freeing unused kernel image memory: 1820K
[    0.795951] x86/mm: Checked W+X mappings: passed, no W+X pages found.
Loading, please wait...
starting version 237
[    0.847548] e1000: Intel(R) PRO/1000 Network Driver - version 7.3.21-k8-NAPI
[    0.848222] e1000: Copyright (c) 1999-2006 Intel Corporation.
[    0.851021] Fusion MPT base driver 3.04.20
[    0.851772] Copyright (c) 1999-2008 LSI Corporation
[    0.857554] Fusion MPT SPI Host driver 3.04.20
[    0.865776] AVX2 version of gcm_enc/dec engaged.
[    0.866369] AES CTR mode by8 optimization enabled
[    1.061565] input: ImExPS/2 Generic Explorer Mouse as /devices/platform/i8042/serio1/input/input4
[    1.193810] e1000 0000:00:03.0 eth0: (PCI:33MHz:32-bit) 02:1c:11:cc:2f:ec
[    1.194384] e1000 0000:00:03.0 eth0: Intel(R) PRO/1000 Network Connection
[    1.195536] mptbase: ioc0: Initiating bringup
[    1.892763] ioc0: LSI53C1030 A0: Capabilities={Initiator}
[    4.173918] scsi host2: ioc0: LSI53C1030 A0, FwRev=00000000h, Ports=1, MaxQ=256, IRQ=20
[    4.341013] scsi 2:0:0:0: Direct-Access     VBOX     HARDDISK         1.0  PQ: 0 ANSI: 5
[    4.372298] scsi target2:0:0: Beginning Domain Validation
[    4.374962] scsi target2:0:0: Domain Validation skipping write tests
[    4.376521] scsi target2:0:0: Ending Domain Validation
[    4.377815] scsi target2:0:0: asynchronous
[    4.379385] scsi 2:0:1:0: Direct-Access     VBOX     HARDDISK         1.0  PQ: 0 ANSI: 5
[    4.652737] scsi target2:0:1: Beginning Domain Validation
[    4.656299] scsi target2:0:1: Domain Validation skipping write tests
[    4.657718] scsi target2:0:1: Ending Domain Validation
[    4.658708] scsi target2:0:1: asynchronous
[    4.659590] random: fast init done
[    4.662696] random: systemd-udevd: uninitialized urandom read (16 bytes read)
[    4.662762] sd 2:0:0:0: Attached scsi generic sg0 type 0
[    4.663903] random: systemd-udevd: uninitialized urandom read (16 bytes read)
[    4.664374] sd 2:0:0:0: [sda] 83886080 512-byte logical blocks: (42.9 GB/40.0 GiB)
[    4.664408] sd 2:0:0:0: [sda] Write Protect is off
[    4.665538] random: systemd-udevd: uninitialized urandom read (16 bytes read)
[    4.667887] sd 2:0:1:0: Attached scsi generic sg1 type 0
[    4.667962] sd 2:0:0:0: [sda] Incomplete mode parameter data
[    4.669319] sd 2:0:1:0: [sdb] 20480 512-byte logical blocks: (10.5 MB/10.0 MiB)
[    4.669852] sd 2:0:0:0: [sda] Assuming drive cache: write through
[    4.671916] sd 2:0:1:0: [sdb] Write Protect is off
[    4.673224] sd 2:0:1:0: [sdb] Incomplete mode parameter data
[    4.673732] sd 2:0:1:0: [sdb] Assuming drive cache: write through
[    4.684485]  sda: sda1
[    4.685019] e1000 0000:00:08.0 eth1: (PCI:33MHz:32-bit) 08:00:27:7a:07:70
[    4.685967] e1000 0000:00:08.0 eth1: Intel(R) PRO/1000 Network Connection
[    4.686907] sd 2:0:0:0: [sda] Attached SCSI disk
[    4.688868] sd 2:0:1:0: [sdb] Attached SCSI disk
[    5.751553] e1000 0000:00:09.0 eth2: (PCI:33MHz:32-bit) 08:00:27:e9:3e:50
[    5.752460] e1000 0000:00:09.0 eth2: Intel(R) PRO/1000 Network Connection
[    5.754307] e1000 0000:00:03.0 enp0s3: renamed from eth0
[    5.812621] e1000 0000:00:09.0 enp0s9: renamed from eth2
[    5.836542] e1000 0000:00:08.0 enp0s8: renamed from eth1
Begin: Loading essential drivers ... [    7.228224] raid6: sse2x1   gen()  7054 MB/s
[    7.276231] raid6: sse2x1   xor()  7665 MB/s
[    7.324143] raid6: sse2x2   gen() 15498 MB/s
[    7.372211] raid6: sse2x2   xor() 10437 MB/s
[    7.420154] raid6: sse2x4   gen() 16842 MB/s
[    7.468242] raid6: sse2x4   xor()  8796 MB/s
[    7.516203] raid6: avx2x1   gen() 17767 MB/s
[    7.564250] raid6: avx2x1   xor() 14771 MB/s
[    7.612271] raid6: avx2x2   gen() 30932 MB/s
[    7.660186] raid6: avx2x2   xor() 19926 MB/s
[    7.708253] raid6: avx2x4   gen() 33820 MB/s
[    7.756207] raid6: avx2x4   xor() 12672 MB/s
[    7.756717] raid6: using algorithm avx2x4 gen() 33820 MB/s
[    7.757959] raid6: .... xor() 12672 MB/s, rmw enabled
[    7.758407] raid6: using avx2x2 recovery algorithm
[    7.759795] xor: automatically using best checksumming function   avx       
[    7.761062] async_tx: api initialized (async)
done.
Begin: Running /scripts/init-premount ... done.
Begin: Mounting root file system ... Begin: Running /scripts/local-top ... done.
Begin: Running /scripts/local-premount ... [    7.802892] Btrfs loaded, crc32c=crc32c-intel
Scanning for Btrfs filesystems
done.
Warning: fsck not present, so skipping root file system
[    7.847397] EXT4-fs (sda1): mounted filesystem with ordered data mode. Opts: (null)
done.
Begin: Running /scripts/local-bottom ... done.
Begin: Running /scripts/init-bottom ... done.
[    8.020794] ip_tables: (C) 2000-2006 Netfilter Core Team
[    8.027874] systemd[1]: systemd 237 running in system mode. (+PAM +AUDIT +SELINUX +IMA +APPARMOR +SMACK +SYSVINIT +UTMP +LIBCRYPTSETUP +GCRYPT +GNUTLS +ACL +XZ +LZ4 +SECCOMP +BLKID +ELFUTILS +KMOD -IDN2 +IDN -PCRE2 default-hierarchy=hybrid)
[    8.029862] systemd[1]: Detected virtualization oracle.
[    8.030348] systemd[1]: Detected architecture x86-64.

Welcome to [1mUbuntu 18.04.6 LTS[0m!

[    8.034837] systemd[1]: Set hostname to <ubuntu>.
[    8.036779] systemd[1]: Initializing machine ID from random generator.
[    8.037452] systemd[1]: Installed transient /etc/machine-id file.
[    8.287917] systemd[1]: Created slice User and Session Slice.
[[0;32m  OK  [0m] Created slice User and Session Slice.
[    8.289455] systemd[1]: Reached target Swap.
[[0;32m  OK  [0m] Reached target Swap.
[    8.290946] systemd[1]: Started Forward Password Requests to Wall Directory Watch.
[[0;32m  OK  [0m] Started Forward Password Requests to Wall Directory Watch.
[    8.293950] systemd[1]: Created slice System Slice.
[[0;32m  OK  [0m] Created slice System Slice.
[[0;32m  OK  [0m] Listening on Journal Socket.
[[0;32m  OK  [0m] Reached target Slices.
         Mounting POSIX Message Queue File System...
[[0;32m  OK  [0m] Listening on LVM2 poll daemon socket.
         Mounting Kernel Debug File System...
[[0;32m  OK  [0m] Listening on /dev/initctl Compatibility Named Pipe.
         Starting Load Kernel Modules...
[[0;32m  OK  [0m] Listening on Device-mapper event daemon FIFOs.
         Starting Set the console keyboard layout...
         Starting Uncomplicated firewall...
[[0;32m  OK  [0m] Listening on Journal Audit Socket.
[[0;32m  OK  [0m] Listening on LVM2 metadata daemon socket.
         Starting Monitoring of LVM2 mirrors…ng dmeventd or progress polling...
[[0;32m  OK  [0m] Listening on fsck to fsckd communication Socket.
         Starting Create list of required st…ce nodes for the current kernel...
[[0;32m  OK  [0m] Listening on Journal Socket (/dev/log).
[[0;32m  OK  [0m] Listening on Network Service Netlink Socket.
[[0;32m  OK  [0m] Reached target System Time Synchronized.
[[0;32m  OK  [0m] Listening on Syslog Socket.
         Starting Journal Service...
         Starting File System Check on Root Device...
[[0;32m  OK  [0m] Created slice system-serial\x2dgetty.slice.
[[0;32m  OK  [0m] Set up automount Arbitrary Executab…rmats File System Automount Point.
[[0;32m  OK  [0m] Listening on udev Kernel Socket.
[[0;32m  OK  [0m] Listening on udev Control Socket.
         Starting udev Coldplug all Devices...
         Mounting Huge Pages File System...
[[0;32m  OK  [0m] Reached target User and Group Name Lookups.
[[0;32m  OK  [0m] Mounted POSIX Message Queue File System.
[[0;32m  OK  [0m] Mounted Kernel Debug File System.
[[0;32m  OK  [0m] Started Uncomplicated firewall.
[[0;32m  OK  [0m] Started Create list of required sta…vice nodes for the current kernel.
[[0;32m  OK  [0m] Mounted Huge Pages File System.
[    8.393676] Loading iSCSI transport class v2.0-870.
[[0;32m  OK  [0m] Started File System Check Daemon to report status.
[[0;32m  OK  [0m] Started LVM2 metadata daemon.
         Starting Create Static Device Nodes in /dev...
[    8.399833] iscsi: registered transport (tcp)
[[0;32m  OK  [0m] Started Journal Service.
[[0;32m  OK  [0m] Started udev Coldplug all Devices.
[[0;32m  OK  [0m] Started Create Static Device Nodes in /dev.
[[0;32m  OK  [0m] Started File System Check on Root Device.
         Starting Remount Root and Kernel File Systems...
[    8.497449] iscsi: registered transport (iser)
[[0;32m  OK  [0m] Started Load Kernel Modules.
         Mounting Kernel Configuration File System...
         Starting Apply Kernel Variables...
         Mounting FUSE Control File System...
[[0;32m  OK  [0m] Started Monitoring of LVM2 mirrors,…sing dmeventd or progress polling.
[[0;32m  OK  [0m] Mounted FUSE Control File System.
[[0;32m  OK  [0m] Mounted Kernel Configuration File System.
[[0;32m  OK  [0m] Started Remount Root and Kernel File Systems.
         Starting Load/Save Random Seed...
         Starting udev Kernel Device Manager...
         Starting Flush Journal to Persistent Storage...
[[0;32m  OK  [0m] Started Apply Kernel Variables.
[[0;32m  OK  [0m] Started Load/Save Random Seed.
[[0;32m  OK  [0m] Started udev Kernel Device Manager.
[[0;32m  OK  [0m] Started Set the console keyboard layout.
[[0;32m  OK  [0m] Reached target Local File Systems (Pre).
[[0;32m  OK  [0m] Reached target Local File Systems.
         Starting Commit a transient machine-id on disk...
         Starting Tell Plymouth To Write Out Runtime Data...
         Starting ebtables ruleset management...
         Starting Set console font and keymap...
         Starting AppArmor initialization...
[[0;32m  OK  [0m] Started Dispatch Password Requests to Console Directory Watch.
[[0;32m  OK  [0m] Reached target Local Encrypted Volumes.
[[0;32m  OK  [0m] Started Tell Plymouth To Write Out Runtime Data.
[[0;32m  OK  [0m] Started Set console font and keymap.
[[0;32m  OK  [0m] Started Flush Journal to Persistent Storage.
         Starting Create Volatile Files and Directories...
[[0;32m  OK  [0m] Started Commit a transient machine-id on disk.
[[0;32m  OK  [0m] Started Create Volatile Files and Directories.
         Starting Update UTMP about System Boot/Shutdown...
[[0;32m  OK  [0m] Started Update UTMP about System Boot/Shutdown.
[[0;32m  OK  [0m] Started ebtables ruleset management.
[[0;32m  OK  [0m] Found device /dev/ttyS0.
[[0;32m  OK  [0m] Listening on Load/Save RF Kill Switch Status /dev/rfkill Watch.
[[0;32m  OK  [0m] Started AppArmor initialization.
         Starting Load AppArmor profiles managed internally by snapd...
         Starting Initial cloud-init job (pre-networking)...
[[0;32m  OK  [0m] Started Load AppArmor profiles managed internally by snapd.
[   10.540635] cloud-init[573]: Cloud-init v. 22.1-14-g2e17a0d6-0ubuntu1~18.04.3 running 'init-local' at Wed, 04 May 2022 15:40:44 +0000. Up 10.20 seconds.
[[0;32m  OK  [0m] Started Initial cloud-init job (pre-networking).
[[0;32m  OK  [0m] Reached target Network (Pre).
         Starting Network Service...
[[0;32m  OK  [0m] Started Network Service.
         Starting Wait for Network to be Configured...
         Starting Network Name Resolution...
[[0;32m  OK  [0m] Started Network Name Resolution.
[[0;32m  OK  [0m] Reached target Host and Network Name Lookups.
[[0;32m  OK  [0m] Reached target Network.
[[0;32m  OK  [0m] Started Wait for Network to be Configured.
         Starting Initial cloud-init job (metadata service crawler)...
[   12.857669] cloud-init[698]: Cloud-init v. 22.1-14-g2e17a0d6-0ubuntu1~18.04.3 running 'init' at Wed, 04 May 2022 15:40:46 +0000. Up 12.64 seconds.
[   12.859545] cloud-init[698]: ci-info: ++++++++++++++++++++++++++++++++++++++Net device info+++++++++++++++++++++++++++++++++++++++
[   12.860991] cloud-init[698]: ci-info: +--------+-------+----------------------------+---------------+--------+-------------------+
[   12.861768] cloud-init[698]: ci-info: | Device |   Up  |          Address           |      Mask     | Scope  |     Hw-Address    |
[   12.862501] cloud-init[698]: ci-info: +--------+-------+----------------------------+---------------+--------+-------------------+
[   12.863270] cloud-init[698]: ci-info: | enp0s3 |  True |         10.0.2.15          | 255.255.255.0 | global | 02:1c:11:cc:2f:ec |
[   12.864124] cloud-init[698]: ci-info: | enp0s3 |  True | fe80::1c:11ff:fecc:2fec/64 |       .       |  link  | 02:1c:11:cc:2f:ec |
[   12.864851] cloud-init[698]: ci-info: | enp0s8 | False |             .              |       .       |   .    | 08:00:27:7a:07:70 |
[   12.865608] cloud-init[698]: ci-info: | enp0s9 | False |             .              |       .       |   .    | 08:00:27:e9:3e:50 |
[   12.866439] cloud-init[698]: ci-info: |   lo   |  True |         127.0.0.1          |   255.0.0.0   |  host  |         .         |
[   12.867520] cloud-init[698]: ci-info: |   lo   |  True |          ::1/128           |       .       |  host  |         .         |
[   12.868264] cloud-init[698]: ci-info: +--------+-------+----------------------------+---------------+--------+-------------------+
[   12.869043] cloud-init[698]: ci-info: ++++++++++++++++++++++++++++Route IPv4 info+++++++++++++++++++++++++++++
[   12.869704] cloud-init[698]: ci-info: +-------+-------------+----------+-----------------+-----------+-------+
[   12.871076] cloud-init[698]: ci-info: | Route | Destination | Gateway  |     Genmask     | Interface | Flags |
[   12.871939] cloud-init[698]: ci-info: +-------+-------------+----------+-----------------+-----------+-------+
[   12.872682] cloud-init[698]: ci-info: |   0   |   0.0.0.0   | 10.0.2.2 |     0.0.0.0     |   enp0s3  |   UG  |
[   12.873673] cloud-init[698]: ci-info: |   1   |   10.0.2.0  | 0.0.0.0  |  255.255.255.0  |   enp0s3  |   U   |
[   12.875824] cloud-init[698]: ci-info: |   2   |   10.0.2.2  | 0.0.0.0  | 255.255.255.255 |   enp0s3  |   UH  |
[   12.876564] cloud-init[698]: ci-info: +-------+-------------+----------+-----------------+-----------+-------+
[   12.877196] cloud-init[698]: ci-info: +++++++++++++++++++Route IPv6 info+++++++++++++++++++
[   12.877726] cloud-init[698]: ci-info: +-------+-------------+---------+-----------+-------+
[   12.878219] cloud-init[698]: ci-info: | Route | Destination | Gateway | Interface | Flags |
[   12.878710] cloud-init[698]: ci-info: +-------+-------------+---------+-----------+-------+
[   12.879212] cloud-init[698]: ci-info: |   1   |  fe80::/64  |    ::   |   enp0s3  |   U   |
[   12.879772] cloud-init[698]: ci-info: |   3   |    local    |    ::   |   enp0s3  |   U   |
[   12.880396] cloud-init[698]: ci-info: |   4   |   ff00::/8  |    ::   |   enp0s3  |   U   |
[   12.880908] cloud-init[698]: ci-info: +-------+-------------+---------+-----------+-------+
[   13.826527] cloud-init[698]: Generating public/private rsa key pair.
[   13.827635] cloud-init[698]: Your identification has been saved in /etc/ssh/ssh_host_rsa_key.
[   13.828805] cloud-init[698]: Your public key has been saved in /etc/ssh/ssh_host_rsa_key.pub.
[   13.829885] cloud-init[698]: The key fingerprint is:
[   13.830660] cloud-init[698]: SHA256:iSOMeqJrcvvMKBsmhC+bA3Rkt+H/pb5O7xZe0EquKtY root@ubuntu-bionic
[   13.831989] cloud-init[698]: The key's randomart image is:
[   13.832980] cloud-init[698]: +---[RSA 2048]----+
[   13.833343] cloud-init[698]: |                 |
[   13.833682] cloud-init[698]: |   o o           |
[   13.834050] cloud-init[698]: |  o o o     .    |
[   13.834528] cloud-init[698]: |.. + o . . o .   |
[   13.835177] cloud-init[698]: |o.o o + S o o    |
[   13.835636] cloud-init[698]: |oo   . o   = .   |
[   13.836025] cloud-init[698]: |B.o   . ..= o    |
[   13.836679] cloud-init[698]: |BO.+ o E.+.o     |
[   13.837056] cloud-init[698]: |O*oo= ..+++o     |
[   13.837411] cloud-init[698]: +----[SHA256]-----+
[   13.837742] cloud-init[698]: Generating public/private dsa key pair.
[   13.838129] cloud-init[698]: Your identification has been saved in /etc/ssh/ssh_host_dsa_key.
[   13.838576] cloud-init[698]: Your public key has been saved in /etc/ssh/ssh_host_dsa_key.pub.
[   13.839015] cloud-init[698]: The key fingerprint is:
[   13.839351] cloud-init[698]: SHA256:OHuU9U3PFRYHxxDaDxYSKJ3ulV1cxCkvyyQzgsBkUBw root@ubuntu-bionic
[   13.839847] cloud-init[698]: The key's randomart image is:
[   13.840282] cloud-init[698]: +---[DSA 1024]----+
[   13.840640] cloud-init[698]: |   .*E.  . oo.=%O|
[   13.840957] cloud-init[698]: |    .+  . +  =.+B|
[   13.841311] cloud-init[698]: |      . .o. .oB..|
[   13.841641] cloud-init[698]: |       o +.=o*.*.|
[   13.841931] cloud-init[698]: |      o S...B + +|
[   13.842268] cloud-init[698]: |       +  .  o   |
[   13.842555] cloud-init[698]: |      . .        |
[   13.842827] cloud-init[698]: |       .         |
[   13.843165] cloud-init[698]: |                 |
[   13.843463] cloud-init[698]: +----[SHA256]-----+
[   13.843737] cloud-init[698]: Generating public/private ecdsa key pair.
[   13.844065] cloud-init[698]: Your identification has been saved in /etc/ssh/ssh_host_ecdsa_key.
[   13.844511] cloud-init[698]: Your public key has been saved in /etc/ssh/ssh_host_ecdsa_key.pub.
[   13.844948] cloud-init[698]: The key fingerprint is:
[   13.845236] cloud-init[698]: SHA256:JJ7L5T+hBkrrCn5hpIUa3JnllYjFC24zD3630C7LnII root@ubuntu-bionic
[   13.845683] cloud-init[698]: The key's randomart image is:
[   13.845985] cloud-init[698]: +---[ECDSA 256]---+
[   13.846254] cloud-init[698]: |    +.. .        |
[   13.846530] cloud-init[698]: |   o + o         |
[   13.846806] cloud-init[698]: |. + * + .        |
[   13.847082] cloud-init[698]: |.o % + +         |
[   13.847386] cloud-init[698]: |..* = + S        |
[   13.847669] cloud-init[698]: |.. +.=.*  .      |
[   13.848027] cloud-init[698]: |. o.oo*.o. .     |
[   13.848420] cloud-init[698]: |.E o=..oo..      |
[   13.848705] cloud-init[698]: | .ooo=o.  ..     |
[   13.849022] cloud-init[698]: +----[SHA256]-----+
[   13.849351] cloud-init[698]: Generating public/private ed25519 key pair.
[   13.849764] cloud-init[698]: Your identification has been saved in /etc/ssh/ssh_host_ed25519_key.
[   13.850540] cloud-init[698]: Your public key has been saved in /etc/ssh/ssh_host_ed25519_key.pub.
[   13.851462] cloud-init[698]: The key fingerprint is:
[   13.851934] cloud-init[698]: SHA256:dn3YFggpEcAGhPKBO3MUdOG97qoiSDZFOUlDLFsDuKU root@ubuntu-bionic
[   13.852485] cloud-init[698]: The key's randomart image is:
[   13.852923] cloud-init[698]: +--[ED25519 256]--+
[   13.853316] cloud-init[698]: |.+BBB+..oo..     |
[   13.853725] cloud-init[698]: |+.=@..o . .. .   |
[   13.854128] cloud-init[698]: | O=.+..  .  . .  |
[   13.854472] cloud-init[698]: |E.o.   .   . o . |
[   13.854843] cloud-init[698]: | +.   . S . o +  |
[   13.855203] cloud-init[698]: | +   . . .   o   |
[   13.855578] cloud-init[698]: |+ .   .          |
[   13.855951] cloud-init[698]: |+    .           |
[   13.856323] cloud-init[698]: |.......          |
[   13.856738] cloud-init[698]: +----[SHA256]-----+
[[0;32m  OK  [0m] Started Initial cloud-init job (metadata service crawler).
[[0;32m  OK  [0m] Reached target Cloud-config availability.
[[0;32m  OK  [0m] Reached target Network is Online.
[[0;32m  OK  [0m] Reached target Remote File Systems (Pre).
[[0;32m  OK  [0m] Reached target Remote File Systems.
         Starting Availability of block devices...
[[0;32m  OK  [0m] Reached target System Initialization.
[[0;32m  OK  [0m] Listening on UUID daemon activation socket.
[[0;32m  OK  [0m] Started ACPI Events Check.
[[0;32m  OK  [0m] Started Message of the Day.
[[0;32m  OK  [0m] Started Daily Cleanup of Temporary Directories.
[[0;32m  OK  [0m] Listening on Open-iSCSI iscsid Socket.
         Starting LXD - unix socket.
[[0;32m  OK  [0m] Started Discard unused blocks once a week.
[[0;32m  OK  [0m] Listening on ACPID Listen Socket.
[[0;32m  OK  [0m] Listening on D-Bus System Message Bus Socket.
[[0;32m  OK  [0m] Started Trigger to poll for Ubuntu …(Only enabled on GCP LTS non-pro).
[[0;32m  OK  [0m] Started Ubuntu Advantage Timer for running repeated jobs.
[[0;32m  OK  [0m] Started Daily apt download activities.
[[0;32m  OK  [0m] Started Daily apt upgrade and clean activities.
[[0;32m  OK  [0m] Reached target Timers.
[[0;32m  OK  [0m] Reached target Paths.
[[0;32m  OK  [0m] Listening on cloud-init hotplug hook socket.
         Starting Socket activation for snappy daemon.
[[0;32m  OK  [0m] Listening on LXD - unix socket.
[[0;32m  OK  [0m] Listening on Socket activation for snappy daemon.
[[0;32m  OK  [0m] Reached target Sockets.
[[0;32m  OK  [0m] Reached target Basic System.
         Starting LSB: Record successful boot for GRUB...
         Starting Login Service...
         Starting System Logging Service...
[[0;32m  OK  [0m] Started FUSE filesystem for LXC.
         Starting Pollinate to seed the pseudo random number generator...
         Starting Accounts Service...
[[0;32m  OK  [0m] Started Regular background program processing daemon.
         Starting LSB: automatic crash report generation...
         Starting Snap Daemon...
         Starting Dispatcher daemon for systemd-networkd...
[[0;32m  OK  [0m] Started Deferred execution scheduler.
[[0;32m  OK  [0m] Started D-Bus System Message Bus.
[[0;32m  OK  [0m] Started Login Service.
[[0;32m  OK  [0m] Started irqbalance daemon.
         Starting Permit User Sessions...
         Starting Virtualbox guest utils...
[[0;32m  OK  [0m] Started Unattended Upgrades Shutdown.
         Starting LXD - container startup/shutdown...
[[0;32m  OK  [0m] Started System Logging Service.
[[0;32m  OK  [0m] Started Availability of block devices.
[[0;32m  OK  [0m] Started Permit User Sessions.
         Starting Hold until boot process finishes up...
         Starting Terminate Plymouth Boot Screen...
         Starting Authorization Manager...
[[0;32m  OK  [0m] Started Hold until boot process finishes up.
[[0;32m  OK  [0m] Started Serial Getty on ttyS0.
         Starting Set console scheme...
[[0;32m  OK  [0m] Started Terminate Plymouth Boot Screen.
[[0;32m  OK  [0m] Started LSB: automatic crash report generation.
[[0;32m  OK  [0m] Started Set console scheme.
[[0;32m  OK  [0m] Created slice system-getty.slice.
[[0;32m  OK  [0m] Started Getty on tty1.
[[0;32m  OK  [0m] Reached target Login Prompts.
[[0;32m  OK  [0m] Started LSB: Record successful boot for GRUB.
[[0;32m  OK  [0m] Started LXD - container startup/shutdown.
[[0;32m  OK  [0m] Started Virtualbox guest utils.
[[0;32m  OK  [0m] Started Authorization Manager.
[[0;32m  OK  [0m] Started Accounts Service.
[[0;32m  OK  [0m] Started Dispatcher daemon for systemd-networkd.
[[0;32m  OK  [0m] Started Snap Daemon.
         Starting Wait until snapd is fully seeded...
         Starting Time & Date Service...
[[0;32m  OK  [0m] Started Time & Date Service.
[[0;32m  OK  [0m] Started Pollinate to seed the pseudo random number generator.
         Starting OpenBSD Secure Shell server...
[[0;32m  OK  [0m] Started OpenBSD Secure Shell server.
[[0;32m  OK  [0m] Created slice User Slice of vagrant.
         Starting User Manager for UID 1000...
[[0;32m  OK  [0m] Started Session 1 of user vagrant.
[[0;32m  OK  [0m] Started User Manager for UID 1000.
[[0;32m  OK  [0m] Started Wait until snapd is fully seeded.
[[0;32m  OK  [0m] Reached target Multi-User System.
[[0;32m  OK  [0m] Reached target Graphical Interface.
         Starting Update UTMP about System Runlevel Changes...
         Starting Apply the settings specified in cloud-config...
[[0;32m  OK  [0m] Started Update UTMP about System Runlevel Changes.
[   18.456941] cloud-init[1356]: Cloud-init v. 22.1-14-g2e17a0d6-0ubuntu1~18.04.3 running 'modules:config' at Wed, 04 May 2022 15:40:51 +0000. Up 18.08 seconds.
[[0;32m  OK  [0m] Started Apply the settings specified in cloud-config.
         Starting Execute cloud user/final scripts...
ci-info: no authorized SSH keys fingerprints found for user ubuntu.
<14>May  4 15:40:52 cloud-init: #############################################################
<14>May  4 15:40:52 cloud-init: -----BEGIN SSH HOST KEY FINGERPRINTS-----
<14>May  4 15:40:52 cloud-init: 1024 SHA256:OHuU9U3PFRYHxxDaDxYSKJ3ulV1cxCkvyyQzgsBkUBw root@ubuntu-bionic (DSA)
<14>May  4 15:40:52 cloud-init: 256 SHA256:JJ7L5T+hBkrrCn5hpIUa3JnllYjFC24zD3630C7LnII root@ubuntu-bionic (ECDSA)
<14>May  4 15:40:52 cloud-init: 256 SHA256:dn3YFggpEcAGhPKBO3MUdOG97qoiSDZFOUlDLFsDuKU root@ubuntu-bionic (ED25519)
<14>May  4 15:40:52 cloud-init: 2048 SHA256:iSOMeqJrcvvMKBsmhC+bA3Rkt+H/pb5O7xZe0EquKtY root@ubuntu-bionic (RSA)
<14>May  4 15:40:52 cloud-init: -----END SSH HOST KEY FINGERPRINTS-----
<14>May  4 15:40:52 cloud-init: #############################################################
-----BEGIN SSH HOST KEY KEYS-----
ecdsa-sha2-nistp256 AAAAE2VjZHNhLXNoYTItbmlzdHAyNTYAAAAIbmlzdHAyNTYAAABBBP108zLTZXQO67LoY8YFvlFPIl1JCo83WZ0wmzTjdwz1MISqPEvWM6p8TovRT/IsoUAaGxoSneHDvmIleIxzwik= root@ubuntu-bionic
ssh-ed25519 AAAAC3NzaC1lZDI1NTE5AAAAIFz2fyIfIOpMi/j4NLws1uHAm5E6S+Cs0opV9ZPvMgUs root@ubuntu-bionic
ssh-rsa AAAAB3NzaC1yc2EAAAADAQABAAABAQDTfr23nq7QAg30iG1aRfvgHsK6pJWjbCL7iQRiT4ADuIhyKDPccQA82hyvOuwAamrUO90YWL+uM/Ez3SFaJOS+h5F21ooRR/yu5fyGOS2wHiBR40NzilsT49e0SKQ7V6xJe+h/HP8m0sNANj9ZGOSn/rTH+G2rr+30ilR4eqC+fyJlFZLG3JaQQgWie2CG8KJWyvk+ApVHrIGp1K9Qi8JwyOiJOPiS6jknDLV/XNQS6s+mzPt/8n0K1dGC3zkf0aCTXPkq6jTyANgvX4X5nrYobXofBhoFC7dQlRu0FZ45BnvIzJAQxtkQv76plZtmM/UaLEr/v27aqo71K/CH9r9r root@ubuntu-bionic
-----END SSH HOST KEY KEYS-----
[   19.047670] cloud-init[1488]: Cloud-init v. 22.1-14-g2e17a0d6-0ubuntu1~18.04.3 running 'modules:final' at Wed, 04 May 2022 15:40:52 +0000. Up 18.89 seconds.
[   19.048339] cloud-init[1488]: Cloud-init v. 22.1-14-g2e17a0d6-0ubuntu1~18.04.3 finished at Wed, 04 May 2022 15:40:52 +0000. Datasource DataSourceNoCloud [seed=/dev/sdb][dsmode=net].  Up 19.04 seconds
[[0;32m  OK  [0m] Started Session 3 of user vagrant.
[[0;32m  OK  [0m] Started Execute cloud user/final scripts.
[[0;32m  OK  [0m] Reached target Cloud-init target.

Ubuntu 18.04.6 LTS ubuntu-bionic ttyS0

ubuntu-bionic login:          Stopping Availability of block devices...
         Stopping User Manager for UID 1000...
         Stopping Authorization Manager...
[[0;32m  OK  [0m] Closed Load/Save RF Kill Switch Status /dev/rfkill Watch.
[[0;32m  OK  [0m] Stopped target Graphical Interface.
         Stopping Accounts Service...
[[0;32m  OK  [0m] Stopped target Cloud-init target.
[[0;32m  OK  [0m] Stopped Execute cloud user/final scripts.
[[0;32m  OK  [0m] Stopped target Multi-User System.
         Stopping Dispatcher daemon for systemd-networkd...
         Stopping FUSE filesystem for LXC...
         Stopping LXD - container startup/shutdown...
         Stopping System Logging Service...
         Stopping Deferred execution scheduler...
         Stopping LSB: Record successful boot for GRUB...
[[0;32m  OK  [0m] Stopped Apply the settings specified in cloud-config.
[[0;32m  OK  [0m] Stopped target Cloud-config availability.
         Stopping vboxadd-service.service...
         Stopping irqbalance daemon...
[[0;32m  OK  [0m] Stopped Wait until snapd is fully seeded.
         Stopping Regular background program processing daemon...
[[0;32m  OK  [0m] Stopped target Login Prompts.
         Stopping Getty on tty1...
         Stopping Serial Getty on ttyS0...
         Stopping LSB: automatic crash report generation...
[[0;32m  OK  [0m] Stopped target Timers.
[[0;32m  OK  [0m] Stopped Ubuntu Advantage Timer for running repeated jobs.
[[0;32m  OK  [0m] Stopped Message of the Day.
[[0;32m  OK  [0m] Stopped Clean PHP session files every 30 mins.
[[0;32m  OK  [0m] Stopped Discard unused blocks once a week.
[[0;32m  OK  [0m] Stopped Daily Cleanup of Temporary Directories.
         Stopping MySQL Community Server...
[[0;32m  OK  [0m] Stopped Daily apt upgrade and clean activities.
         Stopping D-Bus System Message Bus...
         Stopping The Apache HTTP Server...
[[0;32m  OK  [0m] Stopped Daily apt download activities.
[[0;32m  OK  [0m] Stopped target System Time Synchronized.
         Stopping OpenBSD Secure Shell server...
         Stopping Session 10 of user vagrant.
[[0;32m  OK  [0m] Unmounted /var/lib/lxcfs.
[[0;32m  OK  [0m] Stopped Accounts Service.
[[0;32m  OK  [0m] Stopped Regular background program processing daemon.
[[0;32m  OK  [0m] Stopped Dispatcher daemon for systemd-networkd.
[[0;32m  OK  [0m] Stopped System Logging Service.
[[0;32m  OK  [0m] Stopped Deferred execution scheduler.
[[0;32m  OK  [0m] Stopped irqbalance daemon.
[[0;32m  OK  [0m] Stopped Authorization Manager.
[[0;32m  OK  [0m] Stopped Serial Getty on ttyS0.
[[0;32m  OK  [0m] Stopped Getty on tty1.
[[0;32m  OK  [0m] Stopped OpenBSD Secure Shell server.
[[0;32m  OK  [0m] Stopped User Manager for UID 1000.
[[0;32m  OK  [0m] Stopped Session 10 of user vagrant.
[[0;32m  OK  [0m] Stopped D-Bus System Message Bus.
[[0;32m  OK  [0m] Stopped FUSE filesystem for LXC.
[[0;32m  OK  [0m] Removed slice User Slice of vagrant.
         Stopping Login Service...
[[0;32m  OK  [0m] Removed slice system-getty.slice.
         Stopping Permit User Sessions...
[[0;32m  OK  [0m] Removed slice system-serial\x2dgetty.slice.
[[0;32m  OK  [0m] Stopped LXD - container startup/shutdown.
[[0;32m  OK  [0m] Stopped Availability of block devices.
[[0;32m  OK  [0m] Stopped Permit User Sessions.
[[0;32m  OK  [0m] Stopped LSB: Record successful boot for GRUB.
[[0;32m  OK  [0m] Stopped vboxadd-service.service.
[[0;32m  OK  [0m] Stopped LSB: automatic crash report generation.
         Stopping vboxadd.service...
[[0;32m  OK  [0m] Stopped Login Service.
[[0;32m  OK  [0m] Stopped target User and Group Name Lookups.
[[0;32m  OK  [0m] Unmounted /vagrant.
[[0;32m  OK  [0m] Stopped target Network is Online.
[[0;32m  OK  [0m] Stopped vboxadd.service.
[[0;32m  OK  [0m] Stopped The Apache HTTP Server.
[[0;32m  OK  [0m] Stopped target Remote File Systems.
[[0;32m  OK  [0m] Stopped target Remote File Systems (Pre).
[[0;32m  OK  [0m] Stopped target Host and Network Name Lookups.
[[0;32m  OK  [0m] Stopped MySQL Community Server.
[[0;32m  OK  [0m] Stopped target Basic System.
[[0;32m  OK  [0m] Stopped target Slices.
[[0;32m  OK  [0m] Removed slice User and Session Slice.
[[0;32m  OK  [0m] Stopped target Paths.
[[0;32m  OK  [0m] Stopped ACPI Events Check.
[[0;32m  OK  [0m] Stopped Trigger to poll for Ubuntu …(Only enabled on GCP LTS non-pro).
[[0;32m  OK  [0m] Stopped target Sockets.
[[0;32m  OK  [0m] Closed ACPID Listen Socket.
[[0;32m  OK  [0m] Closed Syslog Socket.
[[0;32m  OK  [0m] Closed LXD - unix socket.
[[0;32m  OK  [0m] Closed D-Bus System Message Bus Socket.
[[0;32m  OK  [0m] Closed Socket activation for snappy daemon.
[[0;32m  OK  [0m] Closed UUID daemon activation socket.
[[0;32m  OK  [0m] Closed cloud-init hotplug hook socket.
[[0;32m  OK  [0m] Closed Open-iSCSI iscsid Socket.
[[0;32m  OK  [0m] Stopped target System Initialization.
         Stopping Update UTMP about System Boot/Shutdown...
[[0;32m  OK  [0m] Stopped Initial cloud-init job (metadata service crawler).
[[0;32m  OK  [0m] Stopped target Local Encrypted Volumes.
[[0;32m  OK  [0m] Stopped Dispatch Password Requests to Console Directory Watch.
[[0;32m  OK  [0m] Stopped Forward Password Requests to Wall Directory Watch.
[[0;32m  OK  [0m] Stopped Commit a transient machine-id on disk.
         Stopping Load/Save Random Seed...
[[0;32m  OK  [0m] Stopped target Network.
         Stopping Network Name Resolution...
[[0;32m  OK  [0m] Stopped Load/Save Random Seed.
[[0;32m  OK  [0m] Stopped Update UTMP about System Boot/Shutdown.
[[0;32m  OK  [0m] Stopped Network Name Resolution.
         Stopping Network Service...
[[0;32m  OK  [0m] Stopped Create Volatile Files and Directories.
[[0;32m  OK  [0m] Stopped target Local File Systems.
         Unmounting /run/user/1000...
[[0;32m  OK  [0m] Unmounted /run/user/1000.
[[0;32m  OK  [0m] Reached target Unmount All Filesystems.
[[0;32m  OK  [0m] Stopped target Local File Systems (Pre).
         Stopping Monitoring of LVM2 mirrors…ng dmeventd or progress polling...
[[0;32m  OK  [0m] Stopped Create Static Device Nodes in /dev.
[[0;32m  OK  [0m] Stopped target Swap.
[[0;32m  OK  [0m] Stopped Monitoring of LVM2 mirrors,…sing dmeventd or progress polling.
         Stopping LVM2 metadata daemon...
[[0;32m  OK  [0m] Stopped LVM2 metadata daemon.
[[0;32m  OK  [0m] Stopped Network Service.
[[0;32m  OK  [0m] Stopped Apply Kernel Variables.
[[0;32m  OK  [0m] Stopped Load Kernel Modules.
[[0;32m  OK  [0m] Stopped target Network (Pre).
[[0;32m  OK  [0m] Stopped Initial cloud-init job (pre-networking).
[[0;32m  OK  [0m] Stopped Remount Root and Kernel File Systems.
[[0;32m  OK  [0m] Reached target Shutdown.
[[0;32m  OK  [0m] Reached target Final Step.
         Starting Power-Off...
[ 5361.262055] reboot: Power down
